{"/Users/divkix/GitHub/warpdl/browser/chrome/src/background/context-menu.ts": {"path":"/Users/divkix/GitHub/warpdl/browser/chrome/src/background/context-menu.ts","all":false,"statementMap":{"0":{"start":{"line":1,"column":0},"end":{"line":1,"column":3}},"25":{"start":{"line":26,"column":0},"end":{"line":26,"column":33}},"26":{"start":{"line":27,"column":0},"end":{"line":27,"column":21}},"27":{"start":{"line":28,"column":0},"end":{"line":28,"column":21}},"28":{"start":{"line":29,"column":0},"end":{"line":29,"column":2}},"33":{"start":{"line":34,"column":0},"end":{"line":34,"column":79}},"35":{"start":{"line":36,"column":0},"end":{"line":36,"column":45}},"36":{"start":{"line":37,"column":0},"end":{"line":37,"column":1}},"41":{"start":{"line":42,"column":0},"end":{"line":42,"column":59}},"42":{"start":{"line":43,"column":0},"end":{"line":43,"column":7}},"43":{"start":{"line":44,"column":0},"end":{"line":44,"column":32}},"44":{"start":{"line":45,"column":0},"end":{"line":45,"column":49}},"45":{"start":{"line":46,"column":0},"end":{"line":46,"column":53}},"46":{"start":{"line":47,"column":0},"end":{"line":47,"column":62}},"47":{"start":{"line":48,"column":0},"end":{"line":48,"column":42}},"48":{"start":{"line":49,"column":0},"end":{"line":49,"column":5}},"49":{"start":{"line":50,"column":0},"end":{"line":50,"column":11}},"51":{"start":{"line":52,"column":0},"end":{"line":52,"column":3}},"52":{"start":{"line":53,"column":0},"end":{"line":53,"column":19}},"53":{"start":{"line":54,"column":0},"end":{"line":54,"column":1}},"58":{"start":{"line":59,"column":0},"end":{"line":59,"column":38}},"59":{"start":{"line":60,"column":0},"end":{"line":60,"column":40}},"60":{"start":{"line":61,"column":0},"end":{"line":61,"column":23}},"61":{"start":{"line":62,"column":0},"end":{"line":62,"column":18}},"62":{"start":{"line":63,"column":0},"end":{"line":63,"column":35}},"64":{"start":{"line":65,"column":0},"end":{"line":65,"column":13}},"65":{"start":{"line":66,"column":0},"end":{"line":66,"column":64}},"66":{"start":{"line":67,"column":0},"end":{"line":67,"column":11}},"67":{"start":{"line":68,"column":0},"end":{"line":68,"column":3}},"70":{"start":{"line":71,"column":0},"end":{"line":71,"column":29}},"71":{"start":{"line":72,"column":0},"end":{"line":72,"column":30}},"73":{"start":{"line":74,"column":0},"end":{"line":74,"column":9}},"74":{"start":{"line":75,"column":0},"end":{"line":75,"column":41}},"75":{"start":{"line":76,"column":0},"end":{"line":76,"column":22}},"76":{"start":{"line":77,"column":0},"end":{"line":77,"column":43}},"77":{"start":{"line":78,"column":0},"end":{"line":78,"column":24}},"78":{"start":{"line":79,"column":0},"end":{"line":79,"column":88}},"79":{"start":{"line":80,"column":0},"end":{"line":80,"column":9}},"80":{"start":{"line":81,"column":0},"end":{"line":81,"column":13}},"81":{"start":{"line":82,"column":0},"end":{"line":82,"column":60}},"82":{"start":{"line":83,"column":0},"end":{"line":83,"column":5}},"83":{"start":{"line":84,"column":0},"end":{"line":84,"column":11}},"84":{"start":{"line":85,"column":0},"end":{"line":85,"column":3}},"86":{"start":{"line":87,"column":0},"end":{"line":87,"column":7}},"87":{"start":{"line":88,"column":0},"end":{"line":88,"column":42}},"88":{"start":{"line":89,"column":0},"end":{"line":89,"column":30}},"90":{"start":{"line":91,"column":0},"end":{"line":91,"column":73}},"92":{"start":{"line":93,"column":0},"end":{"line":93,"column":94}},"95":{"start":{"line":96,"column":0},"end":{"line":96,"column":9}},"96":{"start":{"line":97,"column":0},"end":{"line":97,"column":41}},"97":{"start":{"line":98,"column":0},"end":{"line":98,"column":22}},"98":{"start":{"line":99,"column":0},"end":{"line":99,"column":43}},"99":{"start":{"line":100,"column":0},"end":{"line":100,"column":34}},"100":{"start":{"line":101,"column":0},"end":{"line":101,"column":64}},"101":{"start":{"line":102,"column":0},"end":{"line":102,"column":9}},"102":{"start":{"line":103,"column":0},"end":{"line":103,"column":13}},"104":{"start":{"line":105,"column":0},"end":{"line":105,"column":5}},"105":{"start":{"line":106,"column":0},"end":{"line":106,"column":17}},"106":{"start":{"line":107,"column":0},"end":{"line":107,"column":65}},"109":{"start":{"line":110,"column":0},"end":{"line":110,"column":9}},"110":{"start":{"line":111,"column":0},"end":{"line":111,"column":41}},"111":{"start":{"line":112,"column":0},"end":{"line":112,"column":22}},"112":{"start":{"line":113,"column":0},"end":{"line":113,"column":43}},"113":{"start":{"line":114,"column":0},"end":{"line":114,"column":33}},"114":{"start":{"line":115,"column":0},"end":{"line":115,"column":70}},"115":{"start":{"line":116,"column":0},"end":{"line":116,"column":9}},"116":{"start":{"line":117,"column":0},"end":{"line":117,"column":13}},"118":{"start":{"line":119,"column":0},"end":{"line":119,"column":5}},"119":{"start":{"line":120,"column":0},"end":{"line":120,"column":3}},"120":{"start":{"line":121,"column":0},"end":{"line":121,"column":1}},"125":{"start":{"line":126,"column":0},"end":{"line":126,"column":34}},"127":{"start":{"line":128,"column":0},"end":{"line":128,"column":30}},"128":{"start":{"line":129,"column":0},"end":{"line":129,"column":39}},"129":{"start":{"line":130,"column":0},"end":{"line":130,"column":34}},"130":{"start":{"line":131,"column":0},"end":{"line":131,"column":23}},"131":{"start":{"line":132,"column":0},"end":{"line":132,"column":5}},"134":{"start":{"line":135,"column":0},"end":{"line":135,"column":30}},"135":{"start":{"line":136,"column":0},"end":{"line":136,"column":40}},"136":{"start":{"line":137,"column":0},"end":{"line":137,"column":40}},"137":{"start":{"line":138,"column":0},"end":{"line":138,"column":24}},"138":{"start":{"line":139,"column":0},"end":{"line":139,"column":5}},"141":{"start":{"line":142,"column":0},"end":{"line":142,"column":30}},"142":{"start":{"line":143,"column":0},"end":{"line":143,"column":40}},"143":{"start":{"line":144,"column":0},"end":{"line":144,"column":40}},"144":{"start":{"line":145,"column":0},"end":{"line":145,"column":24}},"145":{"start":{"line":146,"column":0},"end":{"line":146,"column":5}},"148":{"start":{"line":149,"column":0},"end":{"line":149,"column":30}},"149":{"start":{"line":150,"column":0},"end":{"line":150,"column":40}},"150":{"start":{"line":151,"column":0},"end":{"line":151,"column":40}},"151":{"start":{"line":152,"column":0},"end":{"line":152,"column":24}},"152":{"start":{"line":153,"column":0},"end":{"line":153,"column":5}},"153":{"start":{"line":154,"column":0},"end":{"line":154,"column":1}},"158":{"start":{"line":159,"column":0},"end":{"line":159,"column":53}},"159":{"start":{"line":160,"column":0},"end":{"line":160,"column":30}},"160":{"start":{"line":161,"column":0},"end":{"line":161,"column":35}},"161":{"start":{"line":162,"column":0},"end":{"line":162,"column":36}},"162":{"start":{"line":163,"column":0},"end":{"line":163,"column":36}},"163":{"start":{"line":164,"column":0},"end":{"line":164,"column":36}},"164":{"start":{"line":165,"column":0},"end":{"line":165,"column":4}},"166":{"start":{"line":167,"column":0},"end":{"line":167,"column":53}},"167":{"start":{"line":168,"column":0},"end":{"line":168,"column":38}},"168":{"start":{"line":169,"column":0},"end":{"line":169,"column":3}},"169":{"start":{"line":170,"column":0},"end":{"line":170,"column":2}},"174":{"start":{"line":175,"column":0},"end":{"line":175,"column":57}},"175":{"start":{"line":176,"column":0},"end":{"line":176,"column":26}},"176":{"start":{"line":177,"column":0},"end":{"line":177,"column":11}},"177":{"start":{"line":178,"column":0},"end":{"line":178,"column":3}},"180":{"start":{"line":181,"column":0},"end":{"line":181,"column":40}},"183":{"start":{"line":184,"column":0},"end":{"line":184,"column":20}},"186":{"start":{"line":187,"column":0},"end":{"line":187,"column":36}},"187":{"start":{"line":188,"column":0},"end":{"line":188,"column":58}},"189":{"start":{"line":190,"column":0},"end":{"line":190,"column":27}},"190":{"start":{"line":191,"column":0},"end":{"line":191,"column":52}},"191":{"start":{"line":192,"column":0},"end":{"line":192,"column":1}},"196":{"start":{"line":197,"column":0},"end":{"line":197,"column":59}},"197":{"start":{"line":198,"column":0},"end":{"line":198,"column":27}},"198":{"start":{"line":199,"column":0},"end":{"line":199,"column":11}},"199":{"start":{"line":200,"column":0},"end":{"line":200,"column":3}},"202":{"start":{"line":203,"column":0},"end":{"line":203,"column":27}},"203":{"start":{"line":204,"column":0},"end":{"line":204,"column":69}},"204":{"start":{"line":205,"column":0},"end":{"line":205,"column":30}},"205":{"start":{"line":206,"column":0},"end":{"line":206,"column":3}},"208":{"start":{"line":209,"column":0},"end":{"line":209,"column":40}},"210":{"start":{"line":211,"column":0},"end":{"line":211,"column":28}},"211":{"start":{"line":212,"column":0},"end":{"line":212,"column":48}},"212":{"start":{"line":213,"column":0},"end":{"line":213,"column":1}},"217":{"start":{"line":218,"column":0},"end":{"line":218,"column":55}},"218":{"start":{"line":219,"column":0},"end":{"line":219,"column":27}},"219":{"start":{"line":220,"column":0},"end":{"line":220,"column":1}}},"s":{"0":1,"25":1,"26":1,"27":1,"28":1,"33":7,"35":7,"36":7,"41":5,"42":5,"43":5,"44":5,"45":5,"46":5,"47":5,"48":5,"49":5,"51":0,"52":0,"53":0,"58":7,"59":7,"60":7,"61":7,"62":7,"64":7,"65":1,"66":1,"67":1,"70":6,"71":7,"73":1,"74":1,"75":1,"76":1,"77":1,"78":1,"79":1,"80":1,"81":0,"82":0,"83":1,"84":1,"86":5,"87":5,"88":7,"90":7,"92":7,"95":7,"96":7,"97":7,"98":7,"99":7,"100":7,"101":7,"102":7,"104":0,"105":7,"106":1,"109":1,"110":1,"111":1,"112":1,"113":1,"114":1,"115":1,"116":1,"118":0,"119":1,"120":7,"125":15,"127":15,"128":15,"129":15,"130":15,"131":15,"134":15,"135":15,"136":15,"137":15,"138":15,"141":15,"142":15,"143":15,"144":15,"145":15,"148":15,"149":15,"150":15,"151":15,"152":15,"153":15,"158":1,"159":8,"160":8,"161":8,"162":8,"163":8,"164":8,"166":8,"167":7,"168":7,"169":8,"174":16,"175":16,"176":1,"177":1,"180":15,"183":15,"186":15,"187":15,"189":15,"190":15,"191":15,"196":18,"197":18,"198":3,"199":3,"202":15,"203":15,"204":15,"205":15,"208":15,"210":15,"211":15,"212":15,"217":1,"218":3,"219":3},"branchMap":{"0":{"type":"branch","line":34,"loc":{"start":{"line":34,"column":0},"end":{"line":37,"column":1}},"locations":[{"start":{"line":34,"column":0},"end":{"line":37,"column":1}}]},"1":{"type":"branch","line":36,"loc":{"start":{"line":36,"column":14},"end":{"line":36,"column":40}},"locations":[{"start":{"line":36,"column":14},"end":{"line":36,"column":40}}]},"2":{"type":"branch","line":36,"loc":{"start":{"line":36,"column":30},"end":{"line":36,"column":45}},"locations":[{"start":{"line":36,"column":30},"end":{"line":36,"column":45}}]},"3":{"type":"branch","line":42,"loc":{"start":{"line":42,"column":0},"end":{"line":54,"column":1}},"locations":[{"start":{"line":42,"column":0},"end":{"line":54,"column":1}}]},"4":{"type":"branch","line":50,"loc":{"start":{"line":50,"column":2},"end":{"line":54,"column":1}},"locations":[{"start":{"line":50,"column":2},"end":{"line":54,"column":1}}]},"5":{"type":"branch","line":59,"loc":{"start":{"line":59,"column":0},"end":{"line":121,"column":1}},"locations":[{"start":{"line":59,"column":0},"end":{"line":121,"column":1}}]},"6":{"type":"branch","line":65,"loc":{"start":{"line":65,"column":12},"end":{"line":68,"column":3}},"locations":[{"start":{"line":65,"column":12},"end":{"line":68,"column":3}}]},"7":{"type":"branch","line":68,"loc":{"start":{"line":68,"column":2},"end":{"line":72,"column":29}},"locations":[{"start":{"line":68,"column":2},"end":{"line":72,"column":29}}]},"8":{"type":"branch","line":72,"loc":{"start":{"line":72,"column":29},"end":{"line":85,"column":3}},"locations":[{"start":{"line":72,"column":29},"end":{"line":85,"column":3}}]},"9":{"type":"branch","line":81,"loc":{"start":{"line":81,"column":4},"end":{"line":83,"column":5}},"locations":[{"start":{"line":81,"column":4},"end":{"line":83,"column":5}}]},"10":{"type":"branch","line":85,"loc":{"start":{"line":85,"column":2},"end":{"line":89,"column":26}},"locations":[{"start":{"line":85,"column":2},"end":{"line":89,"column":26}}]},"11":{"type":"branch","line":89,"loc":{"start":{"line":89,"column":21},"end":{"line":89,"column":30}},"locations":[{"start":{"line":89,"column":21},"end":{"line":89,"column":30}}]},"12":{"type":"branch","line":91,"loc":{"start":{"line":91,"column":71},"end":{"line":93,"column":71}},"locations":[{"start":{"line":91,"column":71},"end":{"line":93,"column":71}}]},"13":{"type":"branch","line":93,"loc":{"start":{"line":93,"column":59},"end":{"line":93,"column":74}},"locations":[{"start":{"line":93,"column":59},"end":{"line":93,"column":74}}]},"14":{"type":"branch","line":101,"loc":{"start":{"line":101,"column":43},"end":{"line":101,"column":61}},"locations":[{"start":{"line":101,"column":43},"end":{"line":101,"column":61}}]},"15":{"type":"branch","line":102,"loc":{"start":{"line":102,"column":7},"end":{"line":103,"column":12}},"locations":[{"start":{"line":102,"column":7},"end":{"line":103,"column":12}}]},"16":{"type":"branch","line":103,"loc":{"start":{"line":103,"column":4},"end":{"line":105,"column":5}},"locations":[{"start":{"line":103,"column":4},"end":{"line":105,"column":5}}]},"17":{"type":"branch","line":106,"loc":{"start":{"line":106,"column":2},"end":{"line":120,"column":3}},"locations":[{"start":{"line":106,"column":2},"end":{"line":120,"column":3}}]},"18":{"type":"branch","line":115,"loc":{"start":{"line":115,"column":44},"end":{"line":115,"column":70}},"locations":[{"start":{"line":115,"column":44},"end":{"line":115,"column":70}}]},"19":{"type":"branch","line":117,"loc":{"start":{"line":117,"column":4},"end":{"line":119,"column":5}},"locations":[{"start":{"line":117,"column":4},"end":{"line":119,"column":5}}]},"20":{"type":"branch","line":126,"loc":{"start":{"line":126,"column":0},"end":{"line":154,"column":1}},"locations":[{"start":{"line":126,"column":0},"end":{"line":154,"column":1}}]},"21":{"type":"branch","line":159,"loc":{"start":{"line":159,"column":37},"end":{"line":170,"column":2}},"locations":[{"start":{"line":159,"column":37},"end":{"line":170,"column":2}}]},"22":{"type":"branch","line":167,"loc":{"start":{"line":167,"column":52},"end":{"line":169,"column":3}},"locations":[{"start":{"line":167,"column":52},"end":{"line":169,"column":3}}]},"23":{"type":"branch","line":175,"loc":{"start":{"line":175,"column":0},"end":{"line":192,"column":1}},"locations":[{"start":{"line":175,"column":0},"end":{"line":192,"column":1}}]},"24":{"type":"branch","line":176,"loc":{"start":{"line":176,"column":25},"end":{"line":178,"column":3}},"locations":[{"start":{"line":176,"column":25},"end":{"line":178,"column":3}}]},"25":{"type":"branch","line":178,"loc":{"start":{"line":178,"column":2},"end":{"line":192,"column":1}},"locations":[{"start":{"line":178,"column":2},"end":{"line":192,"column":1}}]},"26":{"type":"branch","line":197,"loc":{"start":{"line":197,"column":0},"end":{"line":213,"column":1}},"locations":[{"start":{"line":197,"column":0},"end":{"line":213,"column":1}}]},"27":{"type":"branch","line":198,"loc":{"start":{"line":198,"column":26},"end":{"line":200,"column":3}},"locations":[{"start":{"line":198,"column":26},"end":{"line":200,"column":3}}]},"28":{"type":"branch","line":200,"loc":{"start":{"line":200,"column":2},"end":{"line":213,"column":1}},"locations":[{"start":{"line":200,"column":2},"end":{"line":213,"column":1}}]},"29":{"type":"branch","line":218,"loc":{"start":{"line":218,"column":7},"end":{"line":220,"column":1}},"locations":[{"start":{"line":218,"column":7},"end":{"line":220,"column":1}}]}},"b":{"0":[7],"1":[4],"2":[1],"3":[5],"4":[0],"5":[7],"6":[1],"7":[6],"8":[1],"9":[0],"10":[5],"11":[1],"12":[4],"13":[0],"14":[0],"15":[4],"16":[0],"17":[1],"18":[0],"19":[0],"20":[15],"21":[8],"22":[7],"23":[16],"24":[1],"25":[15],"26":[18],"27":[3],"28":[15],"29":[3]},"fnMap":{"0":{"name":"getDownloadUrl","decl":{"start":{"line":34,"column":0},"end":{"line":37,"column":1}},"loc":{"start":{"line":34,"column":0},"end":{"line":37,"column":1}},"line":34},"1":{"name":"getFilenameHint","decl":{"start":{"line":42,"column":0},"end":{"line":54,"column":1}},"loc":{"start":{"line":42,"column":0},"end":{"line":54,"column":1}},"line":42},"2":{"name":"handleContextMenuClick","decl":{"start":{"line":59,"column":0},"end":{"line":121,"column":1}},"loc":{"start":{"line":59,"column":0},"end":{"line":121,"column":1}},"line":59},"3":{"name":"createMenuItems","decl":{"start":{"line":126,"column":0},"end":{"line":154,"column":1}},"loc":{"start":{"line":126,"column":0},"end":{"line":154,"column":1}},"line":126},"4":{"name":"clickHandler","decl":{"start":{"line":159,"column":37},"end":{"line":170,"column":2}},"loc":{"start":{"line":159,"column":37},"end":{"line":170,"column":2}},"line":159},"5":{"name":"initContextMenus","decl":{"start":{"line":175,"column":0},"end":{"line":192,"column":1}},"loc":{"start":{"line":175,"column":0},"end":{"line":192,"column":1}},"line":175},"6":{"name":"removeContextMenus","decl":{"start":{"line":197,"column":0},"end":{"line":213,"column":1}},"loc":{"start":{"line":197,"column":0},"end":{"line":213,"column":1}},"line":197},"7":{"name":"areContextMenusInitialized","decl":{"start":{"line":218,"column":7},"end":{"line":220,"column":1}},"loc":{"start":{"line":218,"column":7},"end":{"line":220,"column":1}},"line":218}},"f":{"0":7,"1":5,"2":7,"3":15,"4":8,"5":16,"6":18,"7":3}}
,"/Users/divkix/GitHub/warpdl/browser/chrome/src/background/download-interceptor.ts": {"path":"/Users/divkix/GitHub/warpdl/browser/chrome/src/background/download-interceptor.ts","all":false,"statementMap":{"0":{"start":{"line":1,"column":0},"end":{"line":1,"column":3}},"35":{"start":{"line":36,"column":0},"end":{"line":36,"column":33}},"36":{"start":{"line":37,"column":0},"end":{"line":37,"column":17}},"37":{"start":{"line":38,"column":0},"end":{"line":38,"column":17}},"38":{"start":{"line":39,"column":0},"end":{"line":39,"column":2}},"43":{"start":{"line":44,"column":0},"end":{"line":44,"column":45}},"44":{"start":{"line":45,"column":0},"end":{"line":45,"column":7}},"45":{"start":{"line":46,"column":0},"end":{"line":46,"column":32}},"46":{"start":{"line":47,"column":0},"end":{"line":47,"column":27}},"47":{"start":{"line":48,"column":0},"end":{"line":48,"column":11}},"48":{"start":{"line":49,"column":0},"end":{"line":49,"column":14}},"49":{"start":{"line":50,"column":0},"end":{"line":50,"column":3}},"50":{"start":{"line":51,"column":0},"end":{"line":51,"column":1}},"55":{"start":{"line":56,"column":0},"end":{"line":56,"column":79}},"57":{"start":{"line":58,"column":0},"end":{"line":58,"column":30}},"59":{"start":{"line":60,"column":0},"end":{"line":60,"column":55}},"60":{"start":{"line":61,"column":0},"end":{"line":61,"column":60}},"61":{"start":{"line":62,"column":0},"end":{"line":62,"column":3}},"64":{"start":{"line":65,"column":0},"end":{"line":65,"column":7}},"65":{"start":{"line":66,"column":0},"end":{"line":66,"column":70}},"66":{"start":{"line":67,"column":0},"end":{"line":67,"column":49}},"67":{"start":{"line":68,"column":0},"end":{"line":68,"column":53}},"68":{"start":{"line":69,"column":0},"end":{"line":69,"column":62}},"69":{"start":{"line":70,"column":0},"end":{"line":70,"column":42}},"70":{"start":{"line":71,"column":0},"end":{"line":71,"column":5}},"71":{"start":{"line":72,"column":0},"end":{"line":72,"column":11}},"73":{"start":{"line":74,"column":0},"end":{"line":74,"column":3}},"75":{"start":{"line":76,"column":0},"end":{"line":76,"column":20}},"76":{"start":{"line":77,"column":0},"end":{"line":77,"column":1}},"81":{"start":{"line":82,"column":0},"end":{"line":82,"column":95}},"82":{"start":{"line":83,"column":0},"end":{"line":83,"column":40}},"85":{"start":{"line":86,"column":0},"end":{"line":86,"column":26}},"86":{"start":{"line":87,"column":0},"end":{"line":87,"column":17}},"87":{"start":{"line":88,"column":0},"end":{"line":88,"column":3}},"90":{"start":{"line":91,"column":0},"end":{"line":91,"column":74}},"91":{"start":{"line":92,"column":0},"end":{"line":92,"column":49}},"92":{"start":{"line":93,"column":0},"end":{"line":93,"column":17}},"93":{"start":{"line":94,"column":0},"end":{"line":94,"column":3}},"96":{"start":{"line":97,"column":0},"end":{"line":97,"column":84}},"97":{"start":{"line":98,"column":0},"end":{"line":98,"column":17}},"98":{"start":{"line":99,"column":0},"end":{"line":99,"column":3}},"101":{"start":{"line":102,"column":0},"end":{"line":102,"column":35}},"103":{"start":{"line":104,"column":0},"end":{"line":104,"column":16}},"104":{"start":{"line":105,"column":0},"end":{"line":105,"column":3}},"106":{"start":{"line":107,"column":0},"end":{"line":107,"column":14}},"107":{"start":{"line":108,"column":0},"end":{"line":108,"column":1}},"112":{"start":{"line":113,"column":0},"end":{"line":113,"column":36}},"113":{"start":{"line":114,"column":0},"end":{"line":114,"column":45}},"114":{"start":{"line":115,"column":0},"end":{"line":115,"column":28}},"115":{"start":{"line":116,"column":0},"end":{"line":116,"column":40}},"117":{"start":{"line":118,"column":0},"end":{"line":118,"column":34}},"118":{"start":{"line":119,"column":0},"end":{"line":119,"column":51}},"119":{"start":{"line":120,"column":0},"end":{"line":120,"column":44}},"120":{"start":{"line":121,"column":0},"end":{"line":121,"column":44}},"121":{"start":{"line":122,"column":0},"end":{"line":122,"column":38}},"122":{"start":{"line":123,"column":0},"end":{"line":123,"column":4}},"124":{"start":{"line":125,"column":0},"end":{"line":125,"column":35}},"125":{"start":{"line":126,"column":0},"end":{"line":126,"column":58}},"126":{"start":{"line":127,"column":0},"end":{"line":127,"column":3}},"128":{"start":{"line":129,"column":0},"end":{"line":129,"column":30}},"129":{"start":{"line":130,"column":0},"end":{"line":130,"column":56}},"130":{"start":{"line":131,"column":0},"end":{"line":131,"column":3}},"132":{"start":{"line":133,"column":0},"end":{"line":133,"column":16}},"133":{"start":{"line":134,"column":0},"end":{"line":134,"column":1}},"139":{"start":{"line":140,"column":0},"end":{"line":140,"column":30}},"140":{"start":{"line":141,"column":0},"end":{"line":141,"column":46}},"141":{"start":{"line":142,"column":0},"end":{"line":142,"column":38}},"142":{"start":{"line":143,"column":0},"end":{"line":143,"column":21}},"143":{"start":{"line":144,"column":0},"end":{"line":144,"column":7}},"144":{"start":{"line":145,"column":0},"end":{"line":145,"column":31}},"147":{"start":{"line":148,"column":0},"end":{"line":148,"column":32}},"148":{"start":{"line":149,"column":0},"end":{"line":149,"column":79}},"149":{"start":{"line":150,"column":0},"end":{"line":150,"column":19}},"150":{"start":{"line":151,"column":0},"end":{"line":151,"column":5}},"153":{"start":{"line":154,"column":0},"end":{"line":154,"column":60}},"154":{"start":{"line":155,"column":0},"end":{"line":155,"column":51}},"157":{"start":{"line":158,"column":0},"end":{"line":158,"column":43}},"158":{"start":{"line":159,"column":0},"end":{"line":159,"column":58}},"160":{"start":{"line":161,"column":0},"end":{"line":161,"column":94}},"163":{"start":{"line":164,"column":0},"end":{"line":164,"column":51}},"165":{"start":{"line":166,"column":0},"end":{"line":166,"column":16}},"166":{"start":{"line":167,"column":0},"end":{"line":167,"column":17}},"167":{"start":{"line":168,"column":0},"end":{"line":168,"column":65}},"168":{"start":{"line":169,"column":0},"end":{"line":169,"column":17}},"169":{"start":{"line":170,"column":0},"end":{"line":170,"column":3}},"170":{"start":{"line":171,"column":0},"end":{"line":171,"column":1}},"175":{"start":{"line":176,"column":0},"end":{"line":176,"column":82}},"177":{"start":{"line":178,"column":0},"end":{"line":178,"column":16}},"179":{"start":{"line":180,"column":0},"end":{"line":180,"column":47}},"181":{"start":{"line":182,"column":0},"end":{"line":182,"column":16}},"182":{"start":{"line":183,"column":0},"end":{"line":183,"column":13}},"183":{"start":{"line":184,"column":0},"end":{"line":184,"column":5}},"186":{"start":{"line":187,"column":0},"end":{"line":187,"column":68}},"188":{"start":{"line":189,"column":0},"end":{"line":189,"column":23}},"190":{"start":{"line":191,"column":0},"end":{"line":191,"column":16}},"191":{"start":{"line":192,"column":0},"end":{"line":192,"column":5}},"193":{"start":{"line":194,"column":0},"end":{"line":194,"column":7}},"194":{"start":{"line":195,"column":0},"end":{"line":195,"column":2}},"199":{"start":{"line":200,"column":0},"end":{"line":200,"column":42}},"200":{"start":{"line":201,"column":0},"end":{"line":201,"column":22}},"201":{"start":{"line":202,"column":0},"end":{"line":202,"column":11}},"202":{"start":{"line":203,"column":0},"end":{"line":203,"column":3}},"204":{"start":{"line":205,"column":0},"end":{"line":205,"column":36}},"205":{"start":{"line":206,"column":0},"end":{"line":206,"column":71}},"206":{"start":{"line":207,"column":0},"end":{"line":207,"column":23}},"208":{"start":{"line":209,"column":0},"end":{"line":209,"column":55}},"209":{"start":{"line":210,"column":0},"end":{"line":210,"column":1}},"214":{"start":{"line":215,"column":0},"end":{"line":215,"column":41}},"215":{"start":{"line":216,"column":0},"end":{"line":216,"column":42}},"216":{"start":{"line":217,"column":0},"end":{"line":217,"column":11}},"217":{"start":{"line":218,"column":0},"end":{"line":218,"column":3}},"219":{"start":{"line":220,"column":0},"end":{"line":220,"column":72}},"220":{"start":{"line":221,"column":0},"end":{"line":221,"column":24}},"221":{"start":{"line":222,"column":0},"end":{"line":222,"column":24}},"223":{"start":{"line":224,"column":0},"end":{"line":224,"column":55}},"224":{"start":{"line":225,"column":0},"end":{"line":225,"column":1}},"229":{"start":{"line":230,"column":0},"end":{"line":230,"column":49}},"230":{"start":{"line":231,"column":0},"end":{"line":231,"column":23}},"231":{"start":{"line":232,"column":0},"end":{"line":232,"column":1}},"237":{"start":{"line":238,"column":0},"end":{"line":238,"column":41}},"238":{"start":{"line":239,"column":0},"end":{"line":239,"column":14}},"239":{"start":{"line":240,"column":0},"end":{"line":240,"column":20}},"240":{"start":{"line":241,"column":0},"end":{"line":241,"column":19}},"241":{"start":{"line":242,"column":0},"end":{"line":242,"column":20}},"242":{"start":{"line":243,"column":0},"end":{"line":243,"column":29}},"244":{"start":{"line":245,"column":0},"end":{"line":245,"column":30}},"245":{"start":{"line":246,"column":0},"end":{"line":246,"column":54}},"246":{"start":{"line":247,"column":0},"end":{"line":247,"column":3}},"248":{"start":{"line":249,"column":0},"end":{"line":249,"column":40}},"250":{"start":{"line":251,"column":0},"end":{"line":251,"column":34}},"251":{"start":{"line":252,"column":0},"end":{"line":252,"column":8}},"252":{"start":{"line":253,"column":0},"end":{"line":253,"column":44}},"253":{"start":{"line":254,"column":0},"end":{"line":254,"column":38}},"254":{"start":{"line":255,"column":0},"end":{"line":255,"column":4}},"256":{"start":{"line":257,"column":0},"end":{"line":257,"column":17}},"257":{"start":{"line":258,"column":0},"end":{"line":258,"column":31}},"258":{"start":{"line":259,"column":0},"end":{"line":259,"column":3}},"260":{"start":{"line":261,"column":0},"end":{"line":261,"column":35}},"261":{"start":{"line":262,"column":0},"end":{"line":262,"column":58}},"262":{"start":{"line":263,"column":0},"end":{"line":263,"column":3}},"264":{"start":{"line":265,"column":0},"end":{"line":265,"column":17}},"265":{"start":{"line":266,"column":0},"end":{"line":266,"column":43}},"266":{"start":{"line":267,"column":0},"end":{"line":267,"column":3}},"268":{"start":{"line":269,"column":0},"end":{"line":269,"column":49}},"271":{"start":{"line":272,"column":0},"end":{"line":272,"column":41}},"272":{"start":{"line":273,"column":0},"end":{"line":273,"column":56}},"274":{"start":{"line":275,"column":0},"end":{"line":275,"column":29}},"275":{"start":{"line":276,"column":0},"end":{"line":276,"column":1}}},"s":{"0":1,"35":1,"36":1,"37":1,"38":1,"43":4,"44":4,"45":4,"46":4,"47":4,"48":0,"49":0,"50":4,"55":2,"57":2,"59":2,"60":2,"61":2,"64":0,"65":2,"66":2,"67":2,"68":2,"69":0,"70":0,"71":2,"73":0,"75":0,"76":0,"81":5,"82":5,"85":5,"86":1,"87":1,"90":5,"91":5,"92":1,"93":1,"96":5,"97":1,"98":1,"101":5,"103":0,"104":0,"106":2,"107":2,"112":2,"113":2,"114":2,"115":2,"117":2,"118":2,"119":2,"120":2,"121":2,"122":2,"124":2,"125":0,"126":0,"128":2,"129":1,"130":1,"132":2,"133":2,"139":2,"140":2,"141":2,"142":2,"143":2,"144":2,"147":2,"148":0,"149":0,"150":0,"153":2,"154":2,"157":1,"158":1,"160":1,"163":1,"165":1,"166":1,"167":1,"168":1,"169":1,"170":2,"175":1,"177":5,"179":5,"181":3,"182":3,"183":3,"186":2,"188":5,"190":1,"191":1,"193":5,"194":5,"199":1,"200":8,"201":1,"202":1,"204":7,"205":7,"206":7,"208":7,"209":7,"214":1,"215":16,"216":9,"217":9,"219":7,"220":7,"221":7,"223":7,"224":7,"229":1,"230":3,"231":3,"237":11,"238":11,"239":11,"240":11,"241":11,"242":11,"244":11,"245":1,"246":1,"248":10,"250":10,"251":10,"252":10,"253":10,"254":10,"256":11,"257":7,"258":7,"260":11,"261":0,"262":0,"264":11,"265":2,"266":2,"268":10,"271":9,"272":9,"274":9,"275":9},"branchMap":{"0":{"type":"branch","line":44,"loc":{"start":{"line":44,"column":0},"end":{"line":51,"column":1}},"locations":[{"start":{"line":44,"column":0},"end":{"line":51,"column":1}}]},"1":{"type":"branch","line":48,"loc":{"start":{"line":48,"column":2},"end":{"line":50,"column":3}},"locations":[{"start":{"line":48,"column":2},"end":{"line":50,"column":3}}]},"2":{"type":"branch","line":56,"loc":{"start":{"line":56,"column":0},"end":{"line":77,"column":1}},"locations":[{"start":{"line":56,"column":0},"end":{"line":77,"column":1}}]},"3":{"type":"branch","line":61,"loc":{"start":{"line":61,"column":33},"end":{"line":61,"column":60}},"locations":[{"start":{"line":61,"column":33},"end":{"line":61,"column":60}}]},"4":{"type":"branch","line":62,"loc":{"start":{"line":62,"column":2},"end":{"line":66,"column":68}},"locations":[{"start":{"line":62,"column":2},"end":{"line":66,"column":68}}]},"5":{"type":"branch","line":69,"loc":{"start":{"line":69,"column":8},"end":{"line":69,"column":43}},"locations":[{"start":{"line":69,"column":8},"end":{"line":69,"column":43}}]},"6":{"type":"branch","line":69,"loc":{"start":{"line":69,"column":38},"end":{"line":69,"column":61}},"locations":[{"start":{"line":69,"column":38},"end":{"line":69,"column":61}}]},"7":{"type":"branch","line":69,"loc":{"start":{"line":69,"column":61},"end":{"line":71,"column":5}},"locations":[{"start":{"line":69,"column":61},"end":{"line":71,"column":5}}]},"8":{"type":"branch","line":72,"loc":{"start":{"line":72,"column":2},"end":{"line":77,"column":1}},"locations":[{"start":{"line":72,"column":2},"end":{"line":77,"column":1}}]},"9":{"type":"branch","line":82,"loc":{"start":{"line":82,"column":0},"end":{"line":108,"column":1}},"locations":[{"start":{"line":82,"column":0},"end":{"line":108,"column":1}}]},"10":{"type":"branch","line":86,"loc":{"start":{"line":86,"column":25},"end":{"line":88,"column":3}},"locations":[{"start":{"line":86,"column":25},"end":{"line":88,"column":3}}]},"11":{"type":"branch","line":88,"loc":{"start":{"line":88,"column":2},"end":{"line":91,"column":56}},"locations":[{"start":{"line":88,"column":2},"end":{"line":91,"column":56}}]},"12":{"type":"branch","line":91,"loc":{"start":{"line":91,"column":44},"end":{"line":91,"column":72}},"locations":[{"start":{"line":91,"column":44},"end":{"line":91,"column":72}}]},"13":{"type":"branch","line":92,"loc":{"start":{"line":92,"column":6},"end":{"line":92,"column":48}},"locations":[{"start":{"line":92,"column":6},"end":{"line":92,"column":48}}]},"14":{"type":"branch","line":92,"loc":{"start":{"line":92,"column":48},"end":{"line":94,"column":3}},"locations":[{"start":{"line":92,"column":48},"end":{"line":94,"column":3}}]},"15":{"type":"branch","line":94,"loc":{"start":{"line":94,"column":2},"end":{"line":97,"column":83}},"locations":[{"start":{"line":94,"column":2},"end":{"line":97,"column":83}}]},"16":{"type":"branch","line":97,"loc":{"start":{"line":97,"column":83},"end":{"line":99,"column":3}},"locations":[{"start":{"line":97,"column":83},"end":{"line":99,"column":3}}]},"17":{"type":"branch","line":99,"loc":{"start":{"line":99,"column":2},"end":{"line":102,"column":34}},"locations":[{"start":{"line":99,"column":2},"end":{"line":102,"column":34}}]},"18":{"type":"branch","line":102,"loc":{"start":{"line":102,"column":34},"end":{"line":105,"column":3}},"locations":[{"start":{"line":102,"column":34},"end":{"line":105,"column":3}}]},"19":{"type":"branch","line":105,"loc":{"start":{"line":105,"column":2},"end":{"line":108,"column":1}},"locations":[{"start":{"line":105,"column":2},"end":{"line":108,"column":1}}]},"20":{"type":"branch","line":113,"loc":{"start":{"line":113,"column":0},"end":{"line":134,"column":1}},"locations":[{"start":{"line":113,"column":0},"end":{"line":134,"column":1}}]},"21":{"type":"branch","line":119,"loc":{"start":{"line":119,"column":22},"end":{"line":119,"column":51}},"locations":[{"start":{"line":119,"column":22},"end":{"line":119,"column":51}}]},"22":{"type":"branch","line":125,"loc":{"start":{"line":125,"column":34},"end":{"line":127,"column":3}},"locations":[{"start":{"line":125,"column":34},"end":{"line":127,"column":3}}]},"23":{"type":"branch","line":129,"loc":{"start":{"line":129,"column":29},"end":{"line":131,"column":3}},"locations":[{"start":{"line":129,"column":29},"end":{"line":131,"column":3}}]},"24":{"type":"branch","line":140,"loc":{"start":{"line":140,"column":0},"end":{"line":171,"column":1}},"locations":[{"start":{"line":140,"column":0},"end":{"line":171,"column":1}}]},"25":{"type":"branch","line":148,"loc":{"start":{"line":148,"column":31},"end":{"line":151,"column":5}},"locations":[{"start":{"line":148,"column":31},"end":{"line":151,"column":5}}]},"26":{"type":"branch","line":155,"loc":{"start":{"line":155,"column":49},"end":{"line":170,"column":3}},"locations":[{"start":{"line":155,"column":49},"end":{"line":170,"column":3}}]},"27":{"type":"branch","line":176,"loc":{"start":{"line":176,"column":54},"end":{"line":195,"column":2}},"locations":[{"start":{"line":176,"column":54},"end":{"line":195,"column":2}}]},"28":{"type":"branch","line":178,"loc":{"start":{"line":178,"column":3},"end":{"line":194,"column":5}},"locations":[{"start":{"line":178,"column":3},"end":{"line":194,"column":5}}]},"29":{"type":"branch","line":180,"loc":{"start":{"line":180,"column":46},"end":{"line":184,"column":5}},"locations":[{"start":{"line":180,"column":46},"end":{"line":184,"column":5}}]},"30":{"type":"branch","line":184,"loc":{"start":{"line":184,"column":4},"end":{"line":189,"column":22}},"locations":[{"start":{"line":184,"column":4},"end":{"line":189,"column":22}}]},"31":{"type":"branch","line":189,"loc":{"start":{"line":189,"column":22},"end":{"line":192,"column":5}},"locations":[{"start":{"line":189,"column":22},"end":{"line":192,"column":5}}]},"32":{"type":"branch","line":200,"loc":{"start":{"line":200,"column":7},"end":{"line":210,"column":1}},"locations":[{"start":{"line":200,"column":7},"end":{"line":210,"column":1}}]},"33":{"type":"branch","line":201,"loc":{"start":{"line":201,"column":21},"end":{"line":203,"column":3}},"locations":[{"start":{"line":201,"column":21},"end":{"line":203,"column":3}}]},"34":{"type":"branch","line":203,"loc":{"start":{"line":203,"column":2},"end":{"line":210,"column":1}},"locations":[{"start":{"line":203,"column":2},"end":{"line":210,"column":1}}]},"35":{"type":"branch","line":215,"loc":{"start":{"line":215,"column":7},"end":{"line":225,"column":1}},"locations":[{"start":{"line":215,"column":7},"end":{"line":225,"column":1}}]},"36":{"type":"branch","line":216,"loc":{"start":{"line":216,"column":13},"end":{"line":216,"column":41}},"locations":[{"start":{"line":216,"column":13},"end":{"line":216,"column":41}}]},"37":{"type":"branch","line":216,"loc":{"start":{"line":216,"column":41},"end":{"line":218,"column":3}},"locations":[{"start":{"line":216,"column":41},"end":{"line":218,"column":3}}]},"38":{"type":"branch","line":218,"loc":{"start":{"line":218,"column":2},"end":{"line":225,"column":1}},"locations":[{"start":{"line":218,"column":2},"end":{"line":225,"column":1}}]},"39":{"type":"branch","line":230,"loc":{"start":{"line":230,"column":7},"end":{"line":232,"column":1}},"locations":[{"start":{"line":230,"column":7},"end":{"line":232,"column":1}}]},"40":{"type":"branch","line":238,"loc":{"start":{"line":238,"column":0},"end":{"line":276,"column":1}},"locations":[{"start":{"line":238,"column":0},"end":{"line":276,"column":1}}]},"41":{"type":"branch","line":245,"loc":{"start":{"line":245,"column":29},"end":{"line":247,"column":3}},"locations":[{"start":{"line":245,"column":29},"end":{"line":247,"column":3}}]},"42":{"type":"branch","line":247,"loc":{"start":{"line":247,"column":2},"end":{"line":257,"column":16}},"locations":[{"start":{"line":247,"column":2},"end":{"line":257,"column":16}}]},"43":{"type":"branch","line":257,"loc":{"start":{"line":257,"column":16},"end":{"line":259,"column":3}},"locations":[{"start":{"line":257,"column":16},"end":{"line":259,"column":3}}]},"44":{"type":"branch","line":259,"loc":{"start":{"line":259,"column":2},"end":{"line":261,"column":34}},"locations":[{"start":{"line":259,"column":2},"end":{"line":261,"column":34}}]},"45":{"type":"branch","line":261,"loc":{"start":{"line":261,"column":34},"end":{"line":263,"column":3}},"locations":[{"start":{"line":261,"column":34},"end":{"line":263,"column":3}}]},"46":{"type":"branch","line":263,"loc":{"start":{"line":263,"column":2},"end":{"line":265,"column":16}},"locations":[{"start":{"line":263,"column":2},"end":{"line":265,"column":16}}]},"47":{"type":"branch","line":265,"loc":{"start":{"line":265,"column":16},"end":{"line":267,"column":3}},"locations":[{"start":{"line":265,"column":16},"end":{"line":267,"column":3}}]},"48":{"type":"branch","line":267,"loc":{"start":{"line":267,"column":2},"end":{"line":276,"column":1}},"locations":[{"start":{"line":267,"column":2},"end":{"line":276,"column":1}}]},"49":{"type":"branch","line":269,"loc":{"start":{"line":269,"column":47},"end":{"line":276,"column":1}},"locations":[{"start":{"line":269,"column":47},"end":{"line":276,"column":1}}]}},"b":{"0":[4],"1":[0],"2":[2],"3":[0],"4":[0],"5":[0],"6":[0],"7":[0],"8":[0],"9":[5],"10":[1],"11":[4],"12":[0],"13":[4],"14":[1],"15":[3],"16":[1],"17":[2],"18":[0],"19":[2],"20":[2],"21":[0],"22":[0],"23":[1],"24":[2],"25":[0],"26":[1],"27":[5],"28":[5],"29":[3],"30":[2],"31":[1],"32":[8],"33":[1],"34":[7],"35":[16],"36":[7],"37":[9],"38":[7],"39":[3],"40":[11],"41":[1],"42":[10],"43":[7],"44":[10],"45":[0],"46":[10],"47":[2],"48":[10],"49":[9]},"fnMap":{"0":{"name":"extractDomain","decl":{"start":{"line":44,"column":0},"end":{"line":51,"column":1}},"loc":{"start":{"line":44,"column":0},"end":{"line":51,"column":1}},"line":44},"1":{"name":"extractFilename","decl":{"start":{"line":56,"column":0},"end":{"line":77,"column":1}},"loc":{"start":{"line":56,"column":0},"end":{"line":77,"column":1}},"line":56},"2":{"name":"shouldIntercept","decl":{"start":{"line":82,"column":0},"end":{"line":108,"column":1}},"loc":{"start":{"line":82,"column":0},"end":{"line":108,"column":1}},"line":82},"3":{"name":"createDownloadParams","decl":{"start":{"line":113,"column":0},"end":{"line":134,"column":1}},"loc":{"start":{"line":113,"column":0},"end":{"line":134,"column":1}},"line":113},"4":{"name":"handleDownload","decl":{"start":{"line":140,"column":0},"end":{"line":171,"column":1}},"loc":{"start":{"line":140,"column":0},"end":{"line":171,"column":1}},"line":140},"5":{"name":"downloadListener","decl":{"start":{"line":176,"column":54},"end":{"line":195,"column":2}},"loc":{"start":{"line":176,"column":54},"end":{"line":195,"column":2}},"line":176},"6":{"name":"startInterceptor","decl":{"start":{"line":200,"column":7},"end":{"line":210,"column":1}},"loc":{"start":{"line":200,"column":7},"end":{"line":210,"column":1}},"line":200},"7":{"name":"stopInterceptor","decl":{"start":{"line":215,"column":7},"end":{"line":225,"column":1}},"loc":{"start":{"line":215,"column":7},"end":{"line":225,"column":1}},"line":215},"8":{"name":"isInterceptorEnabled","decl":{"start":{"line":230,"column":7},"end":{"line":232,"column":1}},"loc":{"start":{"line":230,"column":7},"end":{"line":232,"column":1}},"line":230},"9":{"name":"downloadWithWarpDL","decl":{"start":{"line":238,"column":0},"end":{"line":276,"column":1}},"loc":{"start":{"line":238,"column":0},"end":{"line":276,"column":1}},"line":238}},"f":{"0":4,"1":2,"2":5,"3":2,"4":2,"5":5,"6":8,"7":16,"8":3,"9":11}}
,"/Users/divkix/GitHub/warpdl/browser/chrome/src/background/native-messaging.ts": {"path":"/Users/divkix/GitHub/warpdl/browser/chrome/src/background/native-messaging.ts","all":false,"statementMap":{"0":{"start":{"line":1,"column":0},"end":{"line":1,"column":3}},"59":{"start":{"line":60,"column":0},"end":{"line":60,"column":36}},"60":{"start":{"line":61,"column":0},"end":{"line":61,"column":50}},"61":{"start":{"line":62,"column":0},"end":{"line":62,"column":50}},"62":{"start":{"line":63,"column":0},"end":{"line":63,"column":28}},"63":{"start":{"line":64,"column":0},"end":{"line":64,"column":67}},"64":{"start":{"line":65,"column":0},"end":{"line":65,"column":32}},"65":{"start":{"line":66,"column":0},"end":{"line":66,"column":67}},"66":{"start":{"line":67,"column":0},"end":{"line":67,"column":33}},"68":{"start":{"line":69,"column":0},"end":{"line":69,"column":47}},"69":{"start":{"line":70,"column":0},"end":{"line":70,"column":65}},"70":{"start":{"line":71,"column":0},"end":{"line":71,"column":3}},"75":{"start":{"line":76,"column":0},"end":{"line":76,"column":31}},"76":{"start":{"line":77,"column":0},"end":{"line":77,"column":22}},"77":{"start":{"line":78,"column":0},"end":{"line":78,"column":3}},"82":{"start":{"line":83,"column":0},"end":{"line":83,"column":26}},"83":{"start":{"line":84,"column":0},"end":{"line":84,"column":38}},"84":{"start":{"line":85,"column":0},"end":{"line":85,"column":3}},"89":{"start":{"line":90,"column":0},"end":{"line":90,"column":61}},"90":{"start":{"line":91,"column":0},"end":{"line":91,"column":38}},"91":{"start":{"line":92,"column":0},"end":{"line":92,"column":3}},"96":{"start":{"line":97,"column":0},"end":{"line":97,"column":64}},"97":{"start":{"line":98,"column":0},"end":{"line":98,"column":41}},"98":{"start":{"line":99,"column":0},"end":{"line":99,"column":3}},"103":{"start":{"line":104,"column":0},"end":{"line":104,"column":53}},"104":{"start":{"line":105,"column":0},"end":{"line":105,"column":34}},"105":{"start":{"line":106,"column":0},"end":{"line":106,"column":28}},"106":{"start":{"line":107,"column":0},"end":{"line":107,"column":68}},"107":{"start":{"line":108,"column":0},"end":{"line":108,"column":5}},"108":{"start":{"line":109,"column":0},"end":{"line":109,"column":3}},"114":{"start":{"line":115,"column":0},"end":{"line":115,"column":28}},"115":{"start":{"line":116,"column":0},"end":{"line":116,"column":45}},"116":{"start":{"line":117,"column":0},"end":{"line":117,"column":39}},"117":{"start":{"line":118,"column":0},"end":{"line":118,"column":18}},"118":{"start":{"line":119,"column":0},"end":{"line":119,"column":15}},"119":{"start":{"line":120,"column":0},"end":{"line":120,"column":7}},"121":{"start":{"line":122,"column":0},"end":{"line":122,"column":73}},"122":{"start":{"line":123,"column":0},"end":{"line":123,"column":60}},"123":{"start":{"line":124,"column":0},"end":{"line":124,"column":15}},"124":{"start":{"line":125,"column":0},"end":{"line":125,"column":7}},"126":{"start":{"line":127,"column":0},"end":{"line":127,"column":34}},"128":{"start":{"line":129,"column":0},"end":{"line":129,"column":11}},"129":{"start":{"line":130,"column":0},"end":{"line":130,"column":67}},"132":{"start":{"line":133,"column":0},"end":{"line":133,"column":60}},"135":{"start":{"line":136,"column":0},"end":{"line":136,"column":50}},"136":{"start":{"line":137,"column":0},"end":{"line":137,"column":34}},"137":{"start":{"line":138,"column":0},"end":{"line":138,"column":11}},"140":{"start":{"line":141,"column":0},"end":{"line":141,"column":39}},"141":{"start":{"line":142,"column":0},"end":{"line":142,"column":91}},"142":{"start":{"line":143,"column":0},"end":{"line":143,"column":40}},"143":{"start":{"line":144,"column":0},"end":{"line":144,"column":24}},"144":{"start":{"line":145,"column":0},"end":{"line":145,"column":17}},"145":{"start":{"line":146,"column":0},"end":{"line":146,"column":9}},"147":{"start":{"line":148,"column":0},"end":{"line":148,"column":35}},"148":{"start":{"line":149,"column":0},"end":{"line":149,"column":35}},"149":{"start":{"line":150,"column":0},"end":{"line":150,"column":18}},"150":{"start":{"line":151,"column":0},"end":{"line":151,"column":21}},"151":{"start":{"line":152,"column":0},"end":{"line":152,"column":38}},"152":{"start":{"line":153,"column":0},"end":{"line":153,"column":68}},"153":{"start":{"line":154,"column":0},"end":{"line":154,"column":7}},"154":{"start":{"line":155,"column":0},"end":{"line":155,"column":7}},"155":{"start":{"line":156,"column":0},"end":{"line":156,"column":3}},"160":{"start":{"line":161,"column":0},"end":{"line":161,"column":22}},"161":{"start":{"line":162,"column":0},"end":{"line":162,"column":20}},"162":{"start":{"line":163,"column":0},"end":{"line":163,"column":29}},"163":{"start":{"line":164,"column":0},"end":{"line":164,"column":23}},"164":{"start":{"line":165,"column":0},"end":{"line":165,"column":5}},"167":{"start":{"line":168,"column":0},"end":{"line":168,"column":47}},"168":{"start":{"line":169,"column":0},"end":{"line":169,"column":38}},"169":{"start":{"line":170,"column":0},"end":{"line":170,"column":48}},"170":{"start":{"line":171,"column":0},"end":{"line":171,"column":7}},"171":{"start":{"line":172,"column":0},"end":{"line":172,"column":33}},"173":{"start":{"line":174,"column":0},"end":{"line":174,"column":34}},"174":{"start":{"line":175,"column":0},"end":{"line":175,"column":3}},"179":{"start":{"line":180,"column":0},"end":{"line":180,"column":55}},"180":{"start":{"line":181,"column":0},"end":{"line":181,"column":37}},"181":{"start":{"line":182,"column":0},"end":{"line":182,"column":67}},"182":{"start":{"line":183,"column":0},"end":{"line":183,"column":13}},"183":{"start":{"line":184,"column":0},"end":{"line":184,"column":5}},"185":{"start":{"line":186,"column":0},"end":{"line":186,"column":57}},"186":{"start":{"line":187,"column":0},"end":{"line":187,"column":19}},"187":{"start":{"line":188,"column":0},"end":{"line":188,"column":73}},"188":{"start":{"line":189,"column":0},"end":{"line":189,"column":13}},"189":{"start":{"line":190,"column":0},"end":{"line":190,"column":5}},"191":{"start":{"line":192,"column":0},"end":{"line":192,"column":36}},"192":{"start":{"line":193,"column":0},"end":{"line":193,"column":44}},"193":{"start":{"line":194,"column":0},"end":{"line":194,"column":29}},"194":{"start":{"line":195,"column":0},"end":{"line":195,"column":4}},"199":{"start":{"line":200,"column":0},"end":{"line":200,"column":42}},"200":{"start":{"line":201,"column":0},"end":{"line":201,"column":21}},"203":{"start":{"line":204,"column":0},"end":{"line":204,"column":82}},"206":{"start":{"line":207,"column":0},"end":{"line":207,"column":47}},"207":{"start":{"line":208,"column":0},"end":{"line":208,"column":38}},"208":{"start":{"line":209,"column":0},"end":{"line":209,"column":39}},"209":{"start":{"line":210,"column":0},"end":{"line":210,"column":7}},"210":{"start":{"line":211,"column":0},"end":{"line":211,"column":33}},"213":{"start":{"line":214,"column":0},"end":{"line":214,"column":88}},"214":{"start":{"line":215,"column":0},"end":{"line":215,"column":30}},"215":{"start":{"line":216,"column":0},"end":{"line":216,"column":12}},"216":{"start":{"line":217,"column":0},"end":{"line":217,"column":36}},"217":{"start":{"line":218,"column":0},"end":{"line":218,"column":5}},"218":{"start":{"line":219,"column":0},"end":{"line":219,"column":4}},"223":{"start":{"line":224,"column":0},"end":{"line":224,"column":51}},"224":{"start":{"line":225,"column":0},"end":{"line":225,"column":34}},"225":{"start":{"line":226,"column":0},"end":{"line":226,"column":29}},"227":{"start":{"line":228,"column":0},"end":{"line":228,"column":84}},"228":{"start":{"line":229,"column":0},"end":{"line":229,"column":63}},"230":{"start":{"line":231,"column":0},"end":{"line":231,"column":9}},"231":{"start":{"line":232,"column":0},"end":{"line":232,"column":27}},"232":{"start":{"line":233,"column":0},"end":{"line":233,"column":13}},"233":{"start":{"line":234,"column":0},"end":{"line":234,"column":60}},"234":{"start":{"line":235,"column":0},"end":{"line":235,"column":32}},"235":{"start":{"line":236,"column":0},"end":{"line":236,"column":14}},"236":{"start":{"line":237,"column":0},"end":{"line":237,"column":38}},"237":{"start":{"line":238,"column":0},"end":{"line":238,"column":7}},"238":{"start":{"line":239,"column":0},"end":{"line":239,"column":5}},"239":{"start":{"line":240,"column":0},"end":{"line":240,"column":3}},"244":{"start":{"line":245,"column":0},"end":{"line":245,"column":28}},"245":{"start":{"line":246,"column":0},"end":{"line":246,"column":25}},"246":{"start":{"line":247,"column":0},"end":{"line":247,"column":38}},"247":{"start":{"line":248,"column":0},"end":{"line":248,"column":20}},"248":{"start":{"line":249,"column":0},"end":{"line":249,"column":30}},"249":{"start":{"line":250,"column":0},"end":{"line":250,"column":51}},"250":{"start":{"line":251,"column":0},"end":{"line":251,"column":54}},"251":{"start":{"line":252,"column":0},"end":{"line":252,"column":5}},"253":{"start":{"line":254,"column":0},"end":{"line":254,"column":36}},"254":{"start":{"line":255,"column":0},"end":{"line":255,"column":55}},"255":{"start":{"line":256,"column":0},"end":{"line":256,"column":53}},"257":{"start":{"line":258,"column":0},"end":{"line":258,"column":45}},"258":{"start":{"line":259,"column":0},"end":{"line":259,"column":42}},"259":{"start":{"line":260,"column":0},"end":{"line":260,"column":40}},"260":{"start":{"line":261,"column":0},"end":{"line":261,"column":68}},"261":{"start":{"line":262,"column":0},"end":{"line":262,"column":20}},"263":{"start":{"line":264,"column":0},"end":{"line":264,"column":67}},"265":{"start":{"line":266,"column":0},"end":{"line":266,"column":11}},"266":{"start":{"line":267,"column":0},"end":{"line":267,"column":40}},"267":{"start":{"line":268,"column":0},"end":{"line":268,"column":21}},"268":{"start":{"line":269,"column":0},"end":{"line":269,"column":32}},"269":{"start":{"line":270,"column":0},"end":{"line":270,"column":40}},"270":{"start":{"line":271,"column":0},"end":{"line":271,"column":68}},"271":{"start":{"line":272,"column":0},"end":{"line":272,"column":7}},"272":{"start":{"line":273,"column":0},"end":{"line":273,"column":7}},"273":{"start":{"line":274,"column":0},"end":{"line":274,"column":3}},"278":{"start":{"line":279,"column":0},"end":{"line":279,"column":57}},"279":{"start":{"line":280,"column":0},"end":{"line":280,"column":45}},"280":{"start":{"line":281,"column":0},"end":{"line":281,"column":16}},"281":{"start":{"line":282,"column":0},"end":{"line":282,"column":29}},"282":{"start":{"line":283,"column":0},"end":{"line":283,"column":5}},"283":{"start":{"line":284,"column":0},"end":{"line":284,"column":32}},"284":{"start":{"line":285,"column":0},"end":{"line":285,"column":3}},"289":{"start":{"line":290,"column":0},"end":{"line":290,"column":45}},"290":{"start":{"line":291,"column":0},"end":{"line":291,"column":55}},"291":{"start":{"line":292,"column":0},"end":{"line":292,"column":57}},"292":{"start":{"line":293,"column":0},"end":{"line":293,"column":3}},"297":{"start":{"line":298,"column":0},"end":{"line":298,"column":69}},"298":{"start":{"line":299,"column":0},"end":{"line":299,"column":35}},"299":{"start":{"line":300,"column":0},"end":{"line":300,"column":102}},"300":{"start":{"line":301,"column":0},"end":{"line":301,"column":58}},"301":{"start":{"line":302,"column":0},"end":{"line":302,"column":3}},"306":{"start":{"line":307,"column":0},"end":{"line":307,"column":58}},"307":{"start":{"line":308,"column":0},"end":{"line":308,"column":17}},"308":{"start":{"line":309,"column":0},"end":{"line":309,"column":33}},"309":{"start":{"line":310,"column":0},"end":{"line":310,"column":5}},"310":{"start":{"line":311,"column":0},"end":{"line":311,"column":98}},"311":{"start":{"line":312,"column":0},"end":{"line":312,"column":54}},"312":{"start":{"line":313,"column":0},"end":{"line":313,"column":3}},"317":{"start":{"line":318,"column":0},"end":{"line":318,"column":60}},"318":{"start":{"line":319,"column":0},"end":{"line":319,"column":31}},"319":{"start":{"line":320,"column":0},"end":{"line":320,"column":98}},"320":{"start":{"line":321,"column":0},"end":{"line":321,"column":57}},"321":{"start":{"line":322,"column":0},"end":{"line":322,"column":3}},"326":{"start":{"line":327,"column":0},"end":{"line":327,"column":63}},"327":{"start":{"line":328,"column":0},"end":{"line":328,"column":33}},"328":{"start":{"line":329,"column":0},"end":{"line":329,"column":100}},"329":{"start":{"line":330,"column":0},"end":{"line":330,"column":56}},"330":{"start":{"line":331,"column":0},"end":{"line":331,"column":3}},"335":{"start":{"line":336,"column":0},"end":{"line":336,"column":62}},"336":{"start":{"line":337,"column":0},"end":{"line":337,"column":32}},"337":{"start":{"line":338,"column":0},"end":{"line":338,"column":99}},"338":{"start":{"line":339,"column":0},"end":{"line":339,"column":57}},"339":{"start":{"line":340,"column":0},"end":{"line":340,"column":3}},"340":{"start":{"line":341,"column":0},"end":{"line":341,"column":1}},"345":{"start":{"line":346,"column":0},"end":{"line":346,"column":56}},"350":{"start":{"line":351,"column":0},"end":{"line":351,"column":52}},"351":{"start":{"line":352,"column":0},"end":{"line":352,"column":24}},"352":{"start":{"line":353,"column":0},"end":{"line":353,"column":49}},"353":{"start":{"line":354,"column":0},"end":{"line":354,"column":3}},"354":{"start":{"line":355,"column":0},"end":{"line":355,"column":24}},"355":{"start":{"line":356,"column":0},"end":{"line":356,"column":1}},"360":{"start":{"line":361,"column":0},"end":{"line":361,"column":37}},"361":{"start":{"line":362,"column":0},"end":{"line":362,"column":23}},"362":{"start":{"line":363,"column":0},"end":{"line":363,"column":32}},"363":{"start":{"line":364,"column":0},"end":{"line":364,"column":3}},"364":{"start":{"line":365,"column":0},"end":{"line":365,"column":24}},"365":{"start":{"line":366,"column":0},"end":{"line":366,"column":1}}},"s":{"0":1,"59":1,"60":1,"61":84,"62":84,"63":84,"64":84,"65":84,"66":84,"68":84,"69":84,"70":84,"75":84,"76":4,"77":4,"82":84,"83":23,"84":23,"89":84,"90":59,"91":59,"96":84,"97":56,"98":56,"103":84,"104":207,"105":172,"106":172,"107":172,"108":207,"114":84,"115":61,"116":61,"117":1,"118":1,"119":1,"121":61,"122":3,"123":3,"124":3,"126":57,"128":57,"129":57,"132":57,"135":57,"136":2,"137":57,"140":61,"141":1,"142":1,"143":1,"144":1,"145":1,"147":56,"148":56,"149":56,"150":61,"151":0,"152":0,"153":0,"154":61,"155":61,"160":84,"161":88,"162":55,"163":55,"164":55,"167":88,"168":1,"169":1,"170":88,"171":88,"173":88,"174":88,"179":84,"180":26,"181":1,"182":1,"183":1,"185":25,"186":26,"187":1,"188":1,"189":1,"191":24,"192":24,"193":24,"194":26,"199":84,"200":2,"203":2,"206":2,"207":0,"208":0,"209":2,"210":2,"213":2,"214":2,"215":2,"216":0,"217":0,"218":2,"223":1,"224":4,"225":4,"227":4,"228":4,"230":3,"231":3,"232":4,"233":3,"234":2,"235":3,"236":1,"237":1,"238":3,"239":4,"244":1,"245":28,"246":28,"247":28,"248":28,"249":28,"250":1,"251":1,"253":27,"254":27,"255":27,"257":28,"258":27,"259":2,"260":2,"261":27,"263":27,"265":27,"266":27,"267":27,"268":0,"269":0,"270":0,"271":0,"272":28,"273":28,"278":1,"279":24,"280":24,"281":3,"282":3,"283":21,"284":24,"289":1,"290":8,"291":4,"292":8,"297":1,"298":15,"299":15,"300":14,"301":15,"306":1,"307":3,"308":1,"309":1,"310":3,"311":3,"312":3,"317":1,"318":2,"319":2,"320":1,"321":2,"326":1,"327":2,"328":2,"329":1,"330":2,"335":1,"336":2,"337":2,"338":1,"339":2,"340":1,"345":1,"350":1,"351":165,"352":55,"353":55,"354":165,"355":165,"360":1,"361":115,"362":55,"363":55,"364":115,"365":115},"branchMap":{"0":{"type":"branch","line":61,"loc":{"start":{"line":61,"column":10},"end":{"line":219,"column":4}},"locations":[{"start":{"line":61,"column":10},"end":{"line":219,"column":4}}]},"1":{"type":"branch","line":69,"loc":{"start":{"line":69,"column":2},"end":{"line":71,"column":3}},"locations":[{"start":{"line":69,"column":2},"end":{"line":71,"column":3}}]},"2":{"type":"branch","line":70,"loc":{"start":{"line":70,"column":26},"end":{"line":70,"column":46}},"locations":[{"start":{"line":70,"column":26},"end":{"line":70,"column":46}}]},"3":{"type":"branch","line":70,"loc":{"start":{"line":70,"column":35},"end":{"line":70,"column":65}},"locations":[{"start":{"line":70,"column":35},"end":{"line":70,"column":65}}]},"4":{"type":"branch","line":76,"loc":{"start":{"line":76,"column":2},"end":{"line":78,"column":3}},"locations":[{"start":{"line":76,"column":2},"end":{"line":78,"column":3}}]},"5":{"type":"branch","line":83,"loc":{"start":{"line":83,"column":2},"end":{"line":85,"column":3}},"locations":[{"start":{"line":83,"column":2},"end":{"line":85,"column":3}}]},"6":{"type":"branch","line":90,"loc":{"start":{"line":90,"column":2},"end":{"line":92,"column":3}},"locations":[{"start":{"line":90,"column":2},"end":{"line":92,"column":3}}]},"7":{"type":"branch","line":97,"loc":{"start":{"line":97,"column":2},"end":{"line":99,"column":3}},"locations":[{"start":{"line":97,"column":2},"end":{"line":99,"column":3}}]},"8":{"type":"branch","line":104,"loc":{"start":{"line":104,"column":10},"end":{"line":109,"column":3}},"locations":[{"start":{"line":104,"column":10},"end":{"line":109,"column":3}}]},"9":{"type":"branch","line":105,"loc":{"start":{"line":105,"column":33},"end":{"line":108,"column":5}},"locations":[{"start":{"line":105,"column":33},"end":{"line":108,"column":5}}]},"10":{"type":"branch","line":107,"loc":{"start":{"line":107,"column":34},"end":{"line":107,"column":66}},"locations":[{"start":{"line":107,"column":34},"end":{"line":107,"column":66}}]},"11":{"type":"branch","line":115,"loc":{"start":{"line":115,"column":2},"end":{"line":156,"column":3}},"locations":[{"start":{"line":115,"column":2},"end":{"line":156,"column":3}}]},"12":{"type":"branch","line":116,"loc":{"start":{"line":116,"column":23},"end":{"line":155,"column":5}},"locations":[{"start":{"line":116,"column":23},"end":{"line":155,"column":5}}]},"13":{"type":"branch","line":117,"loc":{"start":{"line":117,"column":38},"end":{"line":120,"column":7}},"locations":[{"start":{"line":117,"column":38},"end":{"line":120,"column":7}}]},"14":{"type":"branch","line":120,"loc":{"start":{"line":120,"column":6},"end":{"line":122,"column":72}},"locations":[{"start":{"line":120,"column":6},"end":{"line":122,"column":72}}]},"15":{"type":"branch","line":122,"loc":{"start":{"line":122,"column":72},"end":{"line":125,"column":7}},"locations":[{"start":{"line":122,"column":72},"end":{"line":125,"column":7}}]},"16":{"type":"branch","line":125,"loc":{"start":{"line":125,"column":6},"end":{"line":141,"column":38}},"locations":[{"start":{"line":125,"column":6},"end":{"line":141,"column":38}}]},"17":{"type":"branch","line":141,"loc":{"start":{"line":141,"column":38},"end":{"line":146,"column":9}},"locations":[{"start":{"line":141,"column":38},"end":{"line":146,"column":9}}]},"18":{"type":"branch","line":142,"loc":{"start":{"line":142,"column":59},"end":{"line":142,"column":89}},"locations":[{"start":{"line":142,"column":59},"end":{"line":142,"column":89}}]},"19":{"type":"branch","line":146,"loc":{"start":{"line":146,"column":8},"end":{"line":151,"column":15}},"locations":[{"start":{"line":146,"column":8},"end":{"line":151,"column":15}}]},"20":{"type":"branch","line":151,"loc":{"start":{"line":151,"column":6},"end":{"line":154,"column":7}},"locations":[{"start":{"line":151,"column":6},"end":{"line":154,"column":7}}]},"21":{"type":"branch","line":136,"loc":{"start":{"line":136,"column":43},"end":{"line":138,"column":9}},"locations":[{"start":{"line":136,"column":43},"end":{"line":138,"column":9}}]},"22":{"type":"branch","line":161,"loc":{"start":{"line":161,"column":2},"end":{"line":175,"column":3}},"locations":[{"start":{"line":161,"column":2},"end":{"line":175,"column":3}}]},"23":{"type":"branch","line":162,"loc":{"start":{"line":162,"column":19},"end":{"line":165,"column":5}},"locations":[{"start":{"line":162,"column":19},"end":{"line":165,"column":5}}]},"24":{"type":"branch","line":168,"loc":{"start":{"line":168,"column":33},"end":{"line":171,"column":5}},"locations":[{"start":{"line":168,"column":33},"end":{"line":171,"column":5}}]},"25":{"type":"branch","line":180,"loc":{"start":{"line":180,"column":26},"end":{"line":195,"column":4}},"locations":[{"start":{"line":180,"column":26},"end":{"line":195,"column":4}}]},"26":{"type":"branch","line":181,"loc":{"start":{"line":181,"column":36},"end":{"line":184,"column":5}},"locations":[{"start":{"line":181,"column":36},"end":{"line":184,"column":5}}]},"27":{"type":"branch","line":184,"loc":{"start":{"line":184,"column":4},"end":{"line":187,"column":18}},"locations":[{"start":{"line":184,"column":4},"end":{"line":187,"column":18}}]},"28":{"type":"branch","line":187,"loc":{"start":{"line":187,"column":18},"end":{"line":190,"column":5}},"locations":[{"start":{"line":187,"column":18},"end":{"line":190,"column":5}}]},"29":{"type":"branch","line":190,"loc":{"start":{"line":190,"column":4},"end":{"line":194,"column":29}},"locations":[{"start":{"line":190,"column":4},"end":{"line":194,"column":29}}]},"30":{"type":"branch","line":200,"loc":{"start":{"line":200,"column":29},"end":{"line":219,"column":4}},"locations":[{"start":{"line":200,"column":29},"end":{"line":219,"column":4}}]},"31":{"type":"branch","line":204,"loc":{"start":{"line":204,"column":33},"end":{"line":204,"column":55}},"locations":[{"start":{"line":204,"column":33},"end":{"line":204,"column":55}}]},"32":{"type":"branch","line":204,"loc":{"start":{"line":204,"column":44},"end":{"line":204,"column":82}},"locations":[{"start":{"line":204,"column":44},"end":{"line":204,"column":82}}]},"33":{"type":"branch","line":216,"loc":{"start":{"line":216,"column":4},"end":{"line":218,"column":5}},"locations":[{"start":{"line":216,"column":4},"end":{"line":218,"column":5}}]},"34":{"type":"branch","line":224,"loc":{"start":{"line":224,"column":2},"end":{"line":240,"column":3}},"locations":[{"start":{"line":224,"column":2},"end":{"line":240,"column":3}}]},"35":{"type":"branch","line":229,"loc":{"start":{"line":229,"column":61},"end":{"line":232,"column":27}},"locations":[{"start":{"line":229,"column":61},"end":{"line":232,"column":27}}]},"36":{"type":"branch","line":232,"loc":{"start":{"line":232,"column":25},"end":{"line":233,"column":12}},"locations":[{"start":{"line":232,"column":25},"end":{"line":233,"column":12}}]},"37":{"type":"branch","line":233,"loc":{"start":{"line":233,"column":4},"end":{"line":239,"column":5}},"locations":[{"start":{"line":233,"column":4},"end":{"line":239,"column":5}}]},"38":{"type":"branch","line":234,"loc":{"start":{"line":234,"column":59},"end":{"line":236,"column":13}},"locations":[{"start":{"line":234,"column":59},"end":{"line":236,"column":13}}]},"39":{"type":"branch","line":236,"loc":{"start":{"line":236,"column":6},"end":{"line":238,"column":7}},"locations":[{"start":{"line":236,"column":6},"end":{"line":238,"column":7}}]},"40":{"type":"branch","line":229,"loc":{"start":{"line":229,"column":22},"end":{"line":229,"column":61}},"locations":[{"start":{"line":229,"column":22},"end":{"line":229,"column":61}}]},"41":{"type":"branch","line":245,"loc":{"start":{"line":245,"column":2},"end":{"line":274,"column":3}},"locations":[{"start":{"line":245,"column":2},"end":{"line":274,"column":3}}]},"42":{"type":"branch","line":250,"loc":{"start":{"line":250,"column":14},"end":{"line":250,"column":50}},"locations":[{"start":{"line":250,"column":14},"end":{"line":250,"column":50}}]},"43":{"type":"branch","line":250,"loc":{"start":{"line":250,"column":50},"end":{"line":252,"column":5}},"locations":[{"start":{"line":250,"column":50},"end":{"line":252,"column":5}}]},"44":{"type":"branch","line":252,"loc":{"start":{"line":252,"column":4},"end":{"line":256,"column":53}},"locations":[{"start":{"line":252,"column":4},"end":{"line":256,"column":53}}]},"45":{"type":"branch","line":258,"loc":{"start":{"line":258,"column":23},"end":{"line":273,"column":5}},"locations":[{"start":{"line":258,"column":23},"end":{"line":273,"column":5}}]},"46":{"type":"branch","line":268,"loc":{"start":{"line":268,"column":6},"end":{"line":272,"column":7}},"locations":[{"start":{"line":268,"column":6},"end":{"line":272,"column":7}}]},"47":{"type":"branch","line":259,"loc":{"start":{"line":259,"column":35},"end":{"line":262,"column":9}},"locations":[{"start":{"line":259,"column":35},"end":{"line":262,"column":9}}]},"48":{"type":"branch","line":279,"loc":{"start":{"line":279,"column":10},"end":{"line":285,"column":3}},"locations":[{"start":{"line":279,"column":10},"end":{"line":285,"column":3}}]},"49":{"type":"branch","line":281,"loc":{"start":{"line":281,"column":15},"end":{"line":283,"column":5}},"locations":[{"start":{"line":281,"column":15},"end":{"line":283,"column":5}}]},"50":{"type":"branch","line":283,"loc":{"start":{"line":283,"column":4},"end":{"line":284,"column":32}},"locations":[{"start":{"line":283,"column":4},"end":{"line":284,"column":32}}]},"51":{"type":"branch","line":290,"loc":{"start":{"line":290,"column":2},"end":{"line":293,"column":3}},"locations":[{"start":{"line":290,"column":2},"end":{"line":293,"column":3}}]},"52":{"type":"branch","line":291,"loc":{"start":{"line":291,"column":53},"end":{"line":292,"column":57}},"locations":[{"start":{"line":291,"column":53},"end":{"line":292,"column":57}}]},"53":{"type":"branch","line":298,"loc":{"start":{"line":298,"column":2},"end":{"line":302,"column":3}},"locations":[{"start":{"line":298,"column":2},"end":{"line":302,"column":3}}]},"54":{"type":"branch","line":300,"loc":{"start":{"line":300,"column":100},"end":{"line":301,"column":58}},"locations":[{"start":{"line":300,"column":100},"end":{"line":301,"column":58}}]},"55":{"type":"branch","line":307,"loc":{"start":{"line":307,"column":2},"end":{"line":313,"column":3}},"locations":[{"start":{"line":307,"column":2},"end":{"line":313,"column":3}}]},"56":{"type":"branch","line":308,"loc":{"start":{"line":308,"column":16},"end":{"line":310,"column":5}},"locations":[{"start":{"line":308,"column":16},"end":{"line":310,"column":5}}]},"57":{"type":"branch","line":318,"loc":{"start":{"line":318,"column":2},"end":{"line":322,"column":3}},"locations":[{"start":{"line":318,"column":2},"end":{"line":322,"column":3}}]},"58":{"type":"branch","line":320,"loc":{"start":{"line":320,"column":96},"end":{"line":321,"column":57}},"locations":[{"start":{"line":320,"column":96},"end":{"line":321,"column":57}}]},"59":{"type":"branch","line":327,"loc":{"start":{"line":327,"column":2},"end":{"line":331,"column":3}},"locations":[{"start":{"line":327,"column":2},"end":{"line":331,"column":3}}]},"60":{"type":"branch","line":329,"loc":{"start":{"line":329,"column":98},"end":{"line":330,"column":56}},"locations":[{"start":{"line":329,"column":98},"end":{"line":330,"column":56}}]},"61":{"type":"branch","line":336,"loc":{"start":{"line":336,"column":2},"end":{"line":340,"column":3}},"locations":[{"start":{"line":336,"column":2},"end":{"line":340,"column":3}}]},"62":{"type":"branch","line":338,"loc":{"start":{"line":338,"column":97},"end":{"line":339,"column":57}},"locations":[{"start":{"line":338,"column":97},"end":{"line":339,"column":57}}]},"63":{"type":"branch","line":351,"loc":{"start":{"line":351,"column":7},"end":{"line":356,"column":1}},"locations":[{"start":{"line":351,"column":7},"end":{"line":356,"column":1}}]},"64":{"type":"branch","line":352,"loc":{"start":{"line":352,"column":23},"end":{"line":354,"column":3}},"locations":[{"start":{"line":352,"column":23},"end":{"line":354,"column":3}}]},"65":{"type":"branch","line":361,"loc":{"start":{"line":361,"column":7},"end":{"line":366,"column":1}},"locations":[{"start":{"line":361,"column":7},"end":{"line":366,"column":1}}]},"66":{"type":"branch","line":362,"loc":{"start":{"line":362,"column":22},"end":{"line":364,"column":3}},"locations":[{"start":{"line":362,"column":22},"end":{"line":364,"column":3}}]}},"b":{"0":[84],"1":[84],"2":[29],"3":[55],"4":[4],"5":[23],"6":[59],"7":[56],"8":[207],"9":[172],"10":[9],"11":[61],"12":[61],"13":[1],"14":[60],"15":[3],"16":[57],"17":[1],"18":[0],"19":[56],"20":[0],"21":[2],"22":[88],"23":[55],"24":[1],"25":[26],"26":[1],"27":[25],"28":[1],"29":[24],"30":[2],"31":[1],"32":[1],"33":[0],"34":[4],"35":[3],"36":[0],"37":[3],"38":[2],"39":[1],"40":[4],"41":[28],"42":[27],"43":[1],"44":[27],"45":[27],"46":[0],"47":[2],"48":[24],"49":[3],"50":[21],"51":[8],"52":[4],"53":[15],"54":[14],"55":[3],"56":[1],"57":[2],"58":[1],"59":[2],"60":[1],"61":[2],"62":[1],"63":[165],"64":[55],"65":[115],"66":[55]},"fnMap":{"0":{"name":"<instance_members_initializer>","decl":{"start":{"line":61,"column":10},"end":{"line":219,"column":4}},"loc":{"start":{"line":61,"column":10},"end":{"line":219,"column":4}},"line":61},"1":{"name":"NativeMessagingClient","decl":{"start":{"line":69,"column":2},"end":{"line":71,"column":3}},"loc":{"start":{"line":69,"column":2},"end":{"line":71,"column":3}},"line":69},"2":{"name":"getState","decl":{"start":{"line":76,"column":2},"end":{"line":78,"column":3}},"loc":{"start":{"line":76,"column":2},"end":{"line":78,"column":3}},"line":76},"3":{"name":"isConnected","decl":{"start":{"line":83,"column":2},"end":{"line":85,"column":3}},"loc":{"start":{"line":83,"column":2},"end":{"line":85,"column":3}},"line":83},"4":{"name":"addStateListener","decl":{"start":{"line":90,"column":2},"end":{"line":92,"column":3}},"loc":{"start":{"line":90,"column":2},"end":{"line":92,"column":3}},"line":90},"5":{"name":"removeStateListener","decl":{"start":{"line":97,"column":2},"end":{"line":99,"column":3}},"loc":{"start":{"line":97,"column":2},"end":{"line":99,"column":3}},"line":97},"6":{"name":"setState","decl":{"start":{"line":104,"column":10},"end":{"line":109,"column":3}},"loc":{"start":{"line":104,"column":10},"end":{"line":109,"column":3}},"line":104},"7":{"name":"connect","decl":{"start":{"line":115,"column":2},"end":{"line":156,"column":3}},"loc":{"start":{"line":115,"column":2},"end":{"line":156,"column":3}},"line":115},"8":{"name":"disconnect","decl":{"start":{"line":161,"column":2},"end":{"line":175,"column":3}},"loc":{"start":{"line":161,"column":2},"end":{"line":175,"column":3}},"line":161},"9":{"name":"handleMessage","decl":{"start":{"line":180,"column":26},"end":{"line":195,"column":4}},"loc":{"start":{"line":180,"column":26},"end":{"line":195,"column":4}},"line":180},"10":{"name":"handleDisconnect","decl":{"start":{"line":200,"column":29},"end":{"line":219,"column":4}},"loc":{"start":{"line":200,"column":29},"end":{"line":219,"column":4}},"line":200},"11":{"name":"attemptReconnect","decl":{"start":{"line":224,"column":2},"end":{"line":240,"column":3}},"loc":{"start":{"line":224,"column":2},"end":{"line":240,"column":3}},"line":224},"12":{"name":"sendRequest","decl":{"start":{"line":245,"column":2},"end":{"line":274,"column":3}},"loc":{"start":{"line":245,"column":2},"end":{"line":274,"column":3}},"line":245},"13":{"name":"extractResult","decl":{"start":{"line":279,"column":10},"end":{"line":285,"column":3}},"loc":{"start":{"line":279,"column":10},"end":{"line":285,"column":3}},"line":279},"14":{"name":"version","decl":{"start":{"line":290,"column":2},"end":{"line":293,"column":3}},"loc":{"start":{"line":290,"column":2},"end":{"line":293,"column":3}},"line":290},"15":{"name":"download","decl":{"start":{"line":298,"column":2},"end":{"line":302,"column":3}},"loc":{"start":{"line":298,"column":2},"end":{"line":302,"column":3}},"line":298},"16":{"name":"list","decl":{"start":{"line":307,"column":2},"end":{"line":313,"column":3}},"loc":{"start":{"line":307,"column":2},"end":{"line":313,"column":3}},"line":307},"17":{"name":"stop","decl":{"start":{"line":318,"column":2},"end":{"line":322,"column":3}},"loc":{"start":{"line":318,"column":2},"end":{"line":322,"column":3}},"line":318},"18":{"name":"resume","decl":{"start":{"line":327,"column":2},"end":{"line":331,"column":3}},"loc":{"start":{"line":327,"column":2},"end":{"line":331,"column":3}},"line":327},"19":{"name":"flush","decl":{"start":{"line":336,"column":2},"end":{"line":340,"column":3}},"loc":{"start":{"line":336,"column":2},"end":{"line":340,"column":3}},"line":336},"20":{"name":"getClient","decl":{"start":{"line":351,"column":7},"end":{"line":356,"column":1}},"loc":{"start":{"line":351,"column":7},"end":{"line":356,"column":1}},"line":351},"21":{"name":"resetClient","decl":{"start":{"line":361,"column":7},"end":{"line":366,"column":1}},"loc":{"start":{"line":361,"column":7},"end":{"line":366,"column":1}},"line":361}},"f":{"0":84,"1":84,"2":4,"3":23,"4":59,"5":56,"6":207,"7":61,"8":88,"9":26,"10":2,"11":4,"12":28,"13":24,"14":8,"15":15,"16":3,"17":2,"18":2,"19":2,"20":165,"21":115}}
,"/Users/divkix/GitHub/warpdl/browser/chrome/src/background/service-worker.ts": {"path":"/Users/divkix/GitHub/warpdl/browser/chrome/src/background/service-worker.ts","all":true,"statementMap":{"0":{"start":{"line":1,"column":0},"end":{"line":1,"column":3}},"14":{"start":{"line":15,"column":0},"end":{"line":15,"column":24}},"19":{"start":{"line":20,"column":0},"end":{"line":20,"column":44}},"20":{"start":{"line":21,"column":0},"end":{"line":21,"column":20}},"21":{"start":{"line":22,"column":0},"end":{"line":22,"column":11}},"22":{"start":{"line":23,"column":0},"end":{"line":23,"column":3}},"24":{"start":{"line":25,"column":0},"end":{"line":25,"column":52}},"26":{"start":{"line":27,"column":0},"end":{"line":27,"column":7}},"28":{"start":{"line":29,"column":0},"end":{"line":29,"column":43}},"29":{"start":{"line":30,"column":0},"end":{"line":30,"column":34}},"32":{"start":{"line":33,"column":0},"end":{"line":33,"column":31}},"33":{"start":{"line":34,"column":0},"end":{"line":34,"column":9}},"34":{"start":{"line":35,"column":0},"end":{"line":35,"column":29}},"35":{"start":{"line":36,"column":0},"end":{"line":36,"column":50}},"36":{"start":{"line":37,"column":0},"end":{"line":37,"column":19}},"37":{"start":{"line":38,"column":0},"end":{"line":38,"column":65}},"39":{"start":{"line":40,"column":0},"end":{"line":40,"column":5}},"42":{"start":{"line":43,"column":0},"end":{"line":43,"column":29}},"45":{"start":{"line":46,"column":0},"end":{"line":46,"column":48}},"46":{"start":{"line":47,"column":0},"end":{"line":47,"column":24}},"47":{"start":{"line":48,"column":0},"end":{"line":48,"column":25}},"48":{"start":{"line":49,"column":0},"end":{"line":49,"column":5}},"51":{"start":{"line":52,"column":0},"end":{"line":52,"column":26}},"54":{"start":{"line":55,"column":0},"end":{"line":55,"column":44}},"55":{"start":{"line":56,"column":0},"end":{"line":56,"column":29}},"56":{"start":{"line":57,"column":0},"end":{"line":57,"column":27}},"57":{"start":{"line":58,"column":0},"end":{"line":58,"column":14}},"58":{"start":{"line":59,"column":0},"end":{"line":59,"column":26}},"59":{"start":{"line":60,"column":0},"end":{"line":60,"column":7}},"60":{"start":{"line":61,"column":0},"end":{"line":61,"column":7}},"62":{"start":{"line":63,"column":0},"end":{"line":63,"column":23}},"63":{"start":{"line":64,"column":0},"end":{"line":64,"column":50}},"64":{"start":{"line":65,"column":0},"end":{"line":65,"column":17}},"65":{"start":{"line":66,"column":0},"end":{"line":66,"column":67}},"66":{"start":{"line":67,"column":0},"end":{"line":67,"column":14}},"67":{"start":{"line":68,"column":0},"end":{"line":68,"column":3}},"68":{"start":{"line":69,"column":0},"end":{"line":69,"column":1}},"74":{"start":{"line":75,"column":0},"end":{"line":75,"column":38}},"76":{"start":{"line":77,"column":0},"end":{"line":77,"column":48}},"77":{"start":{"line":78,"column":0},"end":{"line":78,"column":40}},"78":{"start":{"line":79,"column":0},"end":{"line":79,"column":5}},"79":{"start":{"line":80,"column":0},"end":{"line":80,"column":1}},"84":{"start":{"line":85,"column":0},"end":{"line":85,"column":53}},"85":{"start":{"line":86,"column":0},"end":{"line":86,"column":52}},"86":{"start":{"line":87,"column":0},"end":{"line":87,"column":1}},"92":{"start":{"line":93,"column":0},"end":{"line":93,"column":54}},"93":{"start":{"line":94,"column":0},"end":{"line":94,"column":41}},"94":{"start":{"line":95,"column":0},"end":{"line":95,"column":46}},"96":{"start":{"line":97,"column":0},"end":{"line":97,"column":38}},"98":{"start":{"line":99,"column":0},"end":{"line":99,"column":31}},"99":{"start":{"line":100,"column":0},"end":{"line":100,"column":31}},"100":{"start":{"line":101,"column":0},"end":{"line":101,"column":11}},"101":{"start":{"line":102,"column":0},"end":{"line":102,"column":31}},"102":{"start":{"line":103,"column":0},"end":{"line":103,"column":15}},"104":{"start":{"line":105,"column":0},"end":{"line":105,"column":7}},"105":{"start":{"line":106,"column":0},"end":{"line":106,"column":12}},"107":{"start":{"line":108,"column":0},"end":{"line":108,"column":11}},"108":{"start":{"line":109,"column":0},"end":{"line":109,"column":31}},"109":{"start":{"line":110,"column":0},"end":{"line":110,"column":15}},"111":{"start":{"line":112,"column":0},"end":{"line":112,"column":7}},"112":{"start":{"line":113,"column":0},"end":{"line":113,"column":5}},"113":{"start":{"line":114,"column":0},"end":{"line":114,"column":3}},"114":{"start":{"line":115,"column":0},"end":{"line":115,"column":1}},"119":{"start":{"line":120,"column":0},"end":{"line":120,"column":29}},"120":{"start":{"line":121,"column":0},"end":{"line":121,"column":47}},"121":{"start":{"line":122,"column":0},"end":{"line":122,"column":40}},"122":{"start":{"line":123,"column":0},"end":{"line":123,"column":44}},"123":{"start":{"line":124,"column":0},"end":{"line":124,"column":21}},"124":{"start":{"line":125,"column":0},"end":{"line":125,"column":25}},"125":{"start":{"line":126,"column":0},"end":{"line":126,"column":40}},"126":{"start":{"line":127,"column":0},"end":{"line":127,"column":45}},"127":{"start":{"line":128,"column":0},"end":{"line":128,"column":60}},"128":{"start":{"line":129,"column":0},"end":{"line":129,"column":44}},"129":{"start":{"line":130,"column":0},"end":{"line":130,"column":18}},"130":{"start":{"line":131,"column":0},"end":{"line":131,"column":5}},"132":{"start":{"line":133,"column":0},"end":{"line":133,"column":35}},"133":{"start":{"line":134,"column":0},"end":{"line":134,"column":45}},"134":{"start":{"line":135,"column":0},"end":{"line":135,"column":50}},"135":{"start":{"line":136,"column":0},"end":{"line":136,"column":26}},"136":{"start":{"line":137,"column":0},"end":{"line":137,"column":18}},"137":{"start":{"line":138,"column":0},"end":{"line":138,"column":5}},"139":{"start":{"line":140,"column":0},"end":{"line":140,"column":12}},"140":{"start":{"line":141,"column":0},"end":{"line":141,"column":19}},"141":{"start":{"line":142,"column":0},"end":{"line":142,"column":3}},"142":{"start":{"line":143,"column":0},"end":{"line":143,"column":1}},"147":{"start":{"line":148,"column":0},"end":{"line":148,"column":74}},"148":{"start":{"line":149,"column":0},"end":{"line":149,"column":71}},"150":{"start":{"line":151,"column":0},"end":{"line":151,"column":37}},"152":{"start":{"line":153,"column":0},"end":{"line":153,"column":52}},"153":{"start":{"line":154,"column":0},"end":{"line":154,"column":43}},"154":{"start":{"line":155,"column":0},"end":{"line":155,"column":76}},"155":{"start":{"line":156,"column":0},"end":{"line":156,"column":3}},"158":{"start":{"line":159,"column":0},"end":{"line":159,"column":15}},"159":{"start":{"line":160,"column":0},"end":{"line":160,"column":1}},"164":{"start":{"line":165,"column":0},"end":{"line":165,"column":32}},"165":{"start":{"line
[...]
"126":[26],"127":[23],"128":[5],"129":[1]},"fnMap":{"0":{"name":"isValidMethod","decl":{"start":{"line":37,"column":7},"end":{"line":39,"column":1}},"loc":{"start":{"line":37,"column":7},"end":{"line":39,"column":1}},"line":37},"1":{"name":"isNativeRequest","decl":{"start":{"line":44,"column":7},"end":{"line":52,"column":1}},"loc":{"start":{"line":44,"column":7},"end":{"line":52,"column":1}},"line":44},"2":{"name":"isNativeResponse","decl":{"start":{"line":57,"column":7},"end":{"line":65,"column":1}},"loc":{"start":{"line":57,"column":7},"end":{"line":65,"column":1}},"line":57},"3":{"name":"validateDownloadParams","decl":{"start":{"line":71,"column":7},"end":{"line":116,"column":1}},"loc":{"start":{"line":71,"column":7},"end":{"line":116,"column":1}},"line":71},"4":{"name":"validateResumeParams","decl":{"start":{"line":122,"column":7},"end":{"line":154,"column":1}},"loc":{"start":{"line":122,"column":7},"end":{"line":154,"column":1}},"line":122},"5":{"name":"validateStopParams","decl":{"start":{"line":160,"column":7},"end":{"line":168,"column":1}},"loc":{"start":{"line":160,"column":7},"end":{"line":168,"column":1}},"line":160},"6":{"name":"validateFlushParams","decl":{"start":{"line":174,"column":7},"end":{"line":182,"column":1}},"loc":{"start":{"line":174,"column":7},"end":{"line":182,"column":1}},"line":174},"7":{"name":"validateListParams","decl":{"start":{"line":188,"column":7},"end":{"line":202,"column":1}},"loc":{"start":{"line":188,"column":7},"end":{"line":202,"column":1}},"line":188},"8":{"name":"isVersionResponse","decl":{"start":{"line":207,"column":7},"end":{"line":211,"column":1}},"loc":{"start":{"line":207,"column":7},"end":{"line":211,"column":1}},"line":207},"9":{"name":"isDownloadResponse","decl":{"start":{"line":216,"column":7},"end":{"line":224,"column":1}},"loc":{"start":{"line":216,"column":7},"end":{"line":224,"column":1}},"line":216},"10":{"name":"isResumeResponse","decl":{"start":{"line":229,"column":7},"end":{"line":233,"column":1}},"loc":{"start":{"line":229,"column":7},"end":{"line":233,"column":1}},"line":229},"11":{"name":"isListResponse","decl":{"start":{"line":238,"column":7},"end":{"line":242,"column":1}},"loc":{"start":{"line":238,"column":7},"end":{"line":242,"column":1}},"line":238},"12":{"name":"isSuccessResponse","decl":{"start":{"line":247,"column":7},"end":{"line":251,"column":1}},"loc":{"start":{"line":247,"column":7},"end":{"line":251,"column":1}},"line":247},"13":{"name":"createRequest","decl":{"start":{"line":256,"column":7},"end":{"line":266,"column":1}},"loc":{"start":{"line":256,"column":7},"end":{"line":266,"column":1}},"line":256},"14":{"name":"getResponseError","decl":{"start":{"line":272,"column":7},"end":{"line":275,"column":1}},"loc":{"start":{"line":272,"column":7},"end":{"line":275,"column":1}},"line":272}},"f":{"0":18,"1":11,"2":37,"3":33,"4":10,"5":6,"6":5,"7":10,"8":5,"9":6,"10":3,"11":5,"12":5,"13":29,"14":28}}
,"/Users/divkix/GitHub/warpdl/browser/chrome/src/shared/storage.ts": {"path":"/Users/divkix/GitHub/warpdl/browser/chrome/src/shared/storage.ts","all":false,"statementMap":{"0":{"start":{"line":1,"column":0},"end":{"line":1,"column":3}},"17":{"start":{"line":18,"column":0},"end":{"line":18,"column":52}},"18":{"start":{"line":19,"column":0},"end":{"line":19,"column":16}},"19":{"start":{"line":20,"column":0},"end":{"line":20,"column":46}},"20":{"start":{"line":21,"column":0},"end":{"line":21,"column":22}},"21":{"start":{"line":22,"column":0},"end":{"line":22,"column":24}},"22":{"start":{"line":23,"column":0},"end":{"line":23,"column":42}},"23":{"start":{"line":24,"column":0},"end":{"line":24,"column":36}},"24":{"start":{"line":25,"column":0},"end":{"line":25,"column":2}},"29":{"start":{"line":30,"column":0},"end":{"line":30,"column":61}},"30":{"start":{"line":31,"column":0},"end":{"line":31,"column":19}},"31":{"start":{"line":32,"column":0},"end":{"line":32,"column":22}},"32":{"start":{"line":33,"column":0},"end":{"line":33,"column":2}},"38":{"start":{"line":39,"column":0},"end":{"line":39,"column":66}},"39":{"start":{"line":40,"column":0},"end":{"line":40,"column":48}},"40":{"start":{"line":41,"column":0},"end":{"line":41,"column":25}},"41":{"start":{"line":42,"column":0},"end":{"line":42,"column":32}},"42":{"start":{"line":43,"column":0},"end":{"line":43,"column":34}},"43":{"start":{"line":44,"column":0},"end":{"line":44,"column":36}},"44":{"start":{"line":45,"column":0},"end":{"line":45,"column":33}},"45":{"start":{"line":46,"column":0},"end":{"line":46,"column":30}},"46":{"start":{"line":47,"column":0},"end":{"line":47,"column":5}},"48":{"start":{"line":49,"column":0},"end":{"line":49,"column":10}},"49":{"start":{"line":50,"column":0},"end":{"line":50,"column":70}},"50":{"start":{"line":51,"column":0},"end":{"line":51,"column":89}},"51":{"start":{"line":52,"column":0},"end":{"line":52,"column":95}},"52":{"start":{"line":53,"column":0},"end":{"line":53,"column":101}},"53":{"start":{"line":54,"column":0},"end":{"line":54,"column":92}},"54":{"start":{"line":55,"column":0},"end":{"line":55,"column":83}},"55":{"start":{"line":56,"column":0},"end":{"line":56,"column":4}},"56":{"start":{"line":57,"column":0},"end":{"line":57,"column":1}},"62":{"start":{"line":63,"column":0},"end":{"line":63,"column":89}},"63":{"start":{"line":64,"column":0},"end":{"line":64,"column":43}},"65":{"start":{"line":66,"column":0},"end":{"line":66,"column":39}},"66":{"start":{"line":67,"column":0},"end":{"line":67,"column":50}},"67":{"start":{"line":68,"column":0},"end":{"line":68,"column":3}},"68":{"start":{"line":69,"column":0},"end":{"line":69,"column":45}},"69":{"start":{"line":70,"column":0},"end":{"line":70,"column":63}},"70":{"start":{"line":71,"column":0},"end":{"line":71,"column":3}},"71":{"start":{"line":72,"column":0},"end":{"line":72,"column":47}},"72":{"start":{"line":73,"column":0},"end":{"line":73,"column":67}},"73":{"start":{"line":74,"column":0},"end":{"line":74,"column":3}},"74":{"start":{"line":75,"column":0},"end":{"line":75,"column":49}},"75":{"start":{"line":76,"column":0},"end":{"line":76,"column":71}},"76":{"start":{"line":77,"column":0},"end":{"line":77,"column":3}},"77":{"start":{"line":78,"column":0},"end":{"line":78,"column":46}},"78":{"start":{"line":79,"column":0},"end":{"line":79,"column":65}},"79":{"start":{"line":80,"column":0},"end":{"line":80,"column":3}},"80":{"start":{"line":81,"column":0},"end":{"line":81,"column":43}},"81":{"start":{"line":82,"column":0},"end":{"line":82,"column":59}},"82":{"start":{"line":83,"column":0},"end":{"line":83,"column":3}},"84":{"start":{"line":85,"column":0},"end":{"line":85,"column":37}},"85":{"start":{"line":86,"column":0},"end":{"line":86,"column":40}},"86":{"start":{"line":87,"column":0},"end":{"line":87,"column":3}},"87":{"start":{"line":88,"column":0},"end":{"line":88,"column":1}},"93":{"start":{"line":94,"column":0},"end":{"line":94,"column":74}},"94":{"start":{"line":95,"column":0},"end":{"line":95,"column":51}},"95":{"start":{"line":96,"column":0},"end":{"line":96,"column":27}},"96":{"start":{"line":97,"column":0},"end":{"line":97,"column":34}},"97":{"start":{"line":98,"column":0},"end":{"line":98,"column":5}},"99":{"start":{"line":100,"column":0},"end":{"line":100,"column":10}},"100":{"start":{"line":101,"column":0},"end":{"line":101,"column":81}},"101":{"start":{"line":102,"column":0},"end":{"line":102,"column":100}},"102":{"start":{"line":103,"column":0},"end":{"line":103,"column":4}},"103":{"start":{"line":104,"column":0},"end":{"line":104,"column":1}},"109":{"start":{"line":110,"column":0},"end":{"line":110,"column":94}},"110":{"start":{"line":111,"column":0},"end":{"line":111,"column":43}},"112":{"start":{"line":113,"column":0},"end":{"line":113,"column":38}},"113":{"start":{"line":114,"column":0},"end":{"line":114,"column":51}},"114":{"start":{"line":115,"column":0},"end":{"line":115,"column":3}},"115":{"start":{"line":116,"column":0},"end":{"line":116,"column":44}},"116":{"start":{"line":117,"column":0},"end":{"line":117,"column":64}},"117":{"start":{"line":118,"column":0},"end":{"line":118,"column":3}},"119":{"start":{"line":120,"column":0},"end":{"line":120,"column":37}},"120":{"start":{"line":121,"column":0},"end":{"line":121,"column":43}},"121":{"start":{"line":122,"column":0},"end":{"line":122,"column":3}},"122":{"start":{"line":123,"column":0},"end":{"line":123,"column":1}},"127":{"start":{"line":128,"column":0},"end":{"line":128,"column":76}},"128":{"start":{"line":129,"column":0},"end":{"line":129,"column":41}},"129":{"start":{"line":130,"column":0},"end":{"line":130,"column":52}},"130":{"start":{"line":131,"column":0},"end":{"line":131,"column":43}},"131":{"start":{"line":132,"column":0},"end":{"line":132,"column":71}},"132":{"start":{"line":133,"column":0},"end":{"line":133,"column":3}},"133":{"start":{"line":134,"column":0},"end":{"line":134,"column":1}},"138":{"start":{"line":139,"column":0},"end":{"line":139,"column":79}},"139":{"start":{"line":140,"column":0},"end":{"line":140,"column":41}},"140":{"start":{"line":141,"column":0},"end":{"line":141,"column":58}},"141":{"start":{"line":142,"column":0},"end":{"line":142,"column":21}},"142":{"start":{"line":143,"column":0},"end":{"line":143,"column":43}},"143":{"start":{"line":144,"column":0},"end":{"line":144,"column":71}},"144":{"start":{"line":145,"column":0},"end":{"line":145,"column":3}},"145":{"start":{"line":146,"column":0},"end":{"line":146,"column":1}},"150":{"start":{"line":151,"column":0},"end":{"line":151,"column":74}},"151":{"start":{"line":152,"column":0},"end":{"line":152,"column":40}},"152":{"start":{"line":153,"column":0},"end":{"line":153,"column":48}},"153":{"start":{"line":154,"column":0},"end":{"line":154,"column":39}},"154":{"start":{"line":155,"column":0},"end":{"line":155,"column":120}},"155":{"start":{"line":156,"column":0},"end":{"line":156,"column":4}},"156":{"start":{"line":157,"column":0},"end":{"line":157,"column":1}},"161":{"start":{"line":162,"column":0},"end":{"line":162,"column":72}},"162":{"start":{"line":163,"column":0},"end":{"line":163,"column":40}},"163":{"start":{"line":164,"column":0},"end":{"line":164,"column":40}},"164":{"start":{"line":165,"column":0},"end":{"line":165,"column":1}},"169":{"start":{"line":170,"column":0},"end":{"line":170,"column":54}},"170":{"start":{"line":171,"column":0},"end":{"line":171,"column":36}},"171":{"start":{"line":172,"column":0},"end":{"line":172,"column":39}},"172":{"start":{"line":173,"column":0},"end":{"line":173,"column":1}},"177":{"start":{"line":178,"column":0},"end":{"line":178,"column":58}},"178":{"start":{"line":179,"column":0},"end":{"line":179,"column":39}},"179":{"start":{"line":180,"column":0},"end":{"line":180,"column":1}}},"s":{"0":1,"17":1,"18":1,"19":1,"20":1,"21":1,"22":1,"23":1,"24":1,"29":1,"30":1,"31":1,"32":1,"38":96,"39":96,"40":96,"41":96,"42":96,"43":96,"44":96,"45":96,"46":96,"48":96,"49":96,"50":96,"51":96,"52":96,"53":96,"54":96,"55":96,"56":96,"62":14,"63":14,"65":14,"66":11,"67":11,"68":14,"69":3,"70":3,"71":14,"72":3,"73":3,"74":14,"75":2,"76":2,"77":14,"78":3,"79":3,"80":14,"81":2,"82":2,"84":14,"85":13,"86":13,"87":14,"93":68,"94":68,"95":68,"96":68,"97":68,"99":68,"100":68,"101":68,"102":68,"103":68,"109":16,"110":16,"112":16,"113":1,"114":1,"115":16,"116":15,"117":15,"119":16,"120":16,"121":16,"122":16,"127":3,"128":3,"129":3,"130":2,"131":2,"132":2,"133":3,"138":2,"139":2,"140":2,"141":2,"142":1,"143":1,"144":1,"145":2,"150":12,"151":12,"152":12,"153":12,"154":12,"155":12,"156":12,"161":8,"162":8,"163":8,"164":8,"169":1,"170":1,"171":1,"172":1,"177":1,"178":1,"179":1},"branchMap":{"0":{"type":"branch","line":39,"loc":{"start":{"line":39,"column":0},"end":{"line":57,"column":1}},"locations":[{"start":{"line":39,"column":0},"end":{"line":57,"column":1}}]},"1":{"type":"branch","line":50,"loc":{"start":{"line":50,"column":40},"end":{"line":50,"column":70}},"locations":[{"start":{"line":50,"column":40},"end":{"line":50,"column":70}}]},"2":{"type":"branch","line":51,"loc":{"start":{"line":51,"column":53},"end":{"line":51,"column":89}},"locations":[{"start":{"line":51,"column":53},"end":{"line":51,"column":89}}]},"3":{"type":"branch","line":52,"loc":{"start":{"line":52,"column":57},"end":{"line":52,"column":95}},"locations":[{"start":{"line":52,"column":57},"end":{"line":52,"column":95}}]},"4":{"type":"branch","line":53,"loc":{"start":{"line":53,"column":61},"end":{"line":53,"column":101}},"locations":[{"start":{"line":53,"column":61},"end":{"line":53,"column":101}}]},"5":{"type":"branch","line":54,"loc":{"start":{"line":54,"column":55},"end":{"line":54,"column":92}},"locations":[{"start":{"line":54,"column":55},"end":{"line":54,"column":92}}]},"6":{"type":"branch","line":55,"loc":{"start":{"line":55,"column":49},"end":{"line":55,"column":83}},"locations":[{"start":{"line":55,"column":49},"end":{"line":55,"column":83}}]},"7":{"type":"branch","line":63,"loc":{"start":{"line":63,"column":0},"end":{"line":88,"column":1}},"locations":[{"start":{"line":63,"column":0},"end":{"line":88,"column":1}}]},"8":{"type":"branch","line":66,"loc":{"start":{"line":66,"column":38},"end":{"line":68,"column":3}},"locations":[{"start":{"line":66,"column":38},"end":{"line":68,"column":3}}]},"9":{"type":"branch","line":69,"loc":{"start":{"line":69,"column":44},"end":{"line":71,"column":3}},"locations":[{"start":{"line":69,"column":44},"end":{"line":71,"column":3}}]},"10":{"type":"branch","line":72,"loc":{"start":{"line":72,"column":46},"end":{"line":74,"column":3}},"locations":[{"start":{"line":72,"column":46},"end":{"line":74,"column":3}}]},"11":{"type":"branch","line":75,"loc":{"start":{"line":75,"column":48},"end":{"line":77,"column":3}},"locations":[{"start":{"line":75,"column":48},"end":{"line":77,"column":3}}]},"12":{"type":"branch","line":78,"loc":{"start":{"line":78,"column":45},"end":{"line":80,"column":3}},"locations":[{"start":{"line":78,"column":45},"end":{"line":80,"column":3}}]},"13":{"type":"branch","line":81,"loc":{"start":{"line":81,"column":42},"end":{"line":83,"column":3}},"locations":[{"start":{"line":81,"column":42},"end":{"line":83,"column":3}}]},"14":{"type":"branch","line":85,"loc":{"start":{"line":85,"column":36},"end":{"line":87,"column":3}},"locations":[{"start":{"line":85,"column":36},"end":{"line":87,"column":3}}]},"15":{"type":"branch","line":94,"loc":{"start":{"line":94,"column":0},"end":{"line":104,"column":1}},"locations":[{"start":{"line":94,"column":0},"end":{"line":104,"column":1}}]},"16":{"type":"branch","line":101,"loc":{"start":{"line":101,"column":44},"end":{"line":101,"column":81}},"locations":[{"start":{"line":101,"column":44},"end":{"line":101,"column":81}}]},"17":{"type":"branch","line":102,"loc":{"start":{"line":102,"column":57},"end":{"line":102,"column":100}},"locations":[{"start":{"line":102,"column":57},"end":{"line":102,"column":100}}]},"18":{"type":"branch","line":110,"loc":{"start":{"line":110,"column":0},"end":{"line":123,"column":1}},"locations":[{"start":{"line":110,"column":0},"end":{"line":123,"column":1}}]},"19":{"type":"branch","line":113,"loc":{"start":{"line":113,"column":37},"end":{"line":115,"column":3}},"locations":[{"start":{"line":113,"column":37},"end":{"line":115,"column":3}}]},"20":{"type":"branch","line":116,"loc":{"start":{"line":116,"column":43},"end":{"line":118,"column":3}},"locations":[{"start":{"line":116,"column":43},"end":{"line":118,"column":3}}]},"21":{"type":"branch","line":128,"loc":{"start":{"line":128,"column":0},"end":{"line":134,"column":1}},"locations":[{"start":{"line":128,"column":0},"end":{"line":134,"column":1}}]},"22":{"type":"branch","line":130,"loc":{"start":{"line":130,"column":51},"end":{"line":133,"column":3}},"locations":[{"start":{"line":130,"column":51},"end":{"line":133,"column":3}}]},"23":{"type":"branch","line":139,"loc":{"start":{"line":139,"column":0},"end":{"line":146,"column":1}},"locations":[{"start":{"line":139,"column":0},"end":{"line":146,"column":1}}]},"24":{"type":"branch","line":142,"loc":{"start":{"line":142,"column":20},"end":{"line":145,"column":3}},"locations":[{"start":{"line":142,"column":20},"end":{"line":145,"column":3}}]},"25":{"type":"branch","line":151,"loc":{"start":{"line":151,"column":0},"end":{"line":157,"column":1}},"locations":[{"start":{"line":151,"column":0},"end":{"line":157,"column":1}}]},"26":{"type":"branch","line":155,"loc":{"start":{"line":155,"column":4},"end":{"line":155,"column":120}},"locations":[{"start":{"line":155,"column":4},"end":{"line":155,"column":120}}]},"27":{"type":"branch","line":155,"loc":{"start":{"line":155,"column":60},"end":{"line":155,"column":120}},"locations":[{"start":{"line":155,"column":60},"end":{"line":155,"column":120}}]},"28":{"type":"branch","line":162,"loc":{"start":{"line":162,"column":0},"end":{"line":165,"column":1}},"locations":[{"start":{"line":162,"column":0},"end":{"line":165,"column":1}}]},"29":{"type":"branch","line":170,"loc":{"start":{"line":170,"column":0},"end":{"line":173,"column":1}},"locations":[{"start":{"line":170,"column":0},"end":{"line":173,"column":1}}]},"30":{"type":"branch","line":178,"loc":{"start":{"line":178,"column":0},"end":{"line":180,"column":1}},"locations":[{"start":{"line":178,"column":0},"end":{"line":180,"column":1}}]}},"b":{"0":[96],"1":[31],"2":[59],"3":[55],"4":[94],"5":[41],"6":[42],"7":[14],"8":[11],"9":[3],"10":[3],"11":[2],"12":[3],"13":[2],"14":[13],"15":[68],"16":[65],"17":[55],"18":[16],"19":[1],"20":[15],"21":[3],"22":[2],"23":[2],"24":[1],"25":[12],"26":[8],"27":[4],"28":[8],"29":[1],"30":[1]},"fnMap":{"0":{"name":"loadSettings","decl":{"start":{"line":39,"column":0},"end":{"line":57,"column":1}},"loc":{"start":{"line":39,"column":0},"end":{"line":57,"column":1}},"line":39},"1":{"name":"saveSettings","decl":{"start":{"line":63,"column":0},"end":{"line":88,"column":1}},"loc":{"start":{"line":63,"column":0},"end":{"line":88,"column":1}},"line":63},"2":{"name":"loadSessionState","decl":{"start":{"line":94,"column":0},"end":{"line":104,"column":1}},"loc":{"start":{"line":94,"column":0},"end":{"line":104,"column":1}},"line":94},"3":{"name":"saveSessionState","decl":{"start":{"line":110,"column":0},"end":{"line":123,"column":1}},"loc":{"start":{"line":110,"column":0},"end":{"line":123,"column":1}},"line":110},"4":{"name":"addActiveDownload","decl":{"start":{"line":128,"column":0},"end":{"line":134,"column":1}},"loc":{"start":{"line":128,"column":0},"end":{"line":134,"column":1}},"line":128},"5":{"name":"removeActiveDownload","decl":{"start":{"line":139,"column":0},"end":{"line":146,"column":1}},"loc":{"start":{"line":139,"column":0},"end":{"line":146,"column":1}},"line":139},"6":{"name":"isDomainExcluded","decl":{"start":{"line":151,"column":0},"end":{"line":157,"column":1}},"loc":{"start":{"line":151,"column":0},"end":{"line":157,"column":1}},"line":151},"7":{"name":"isAboveThreshold","decl":{"start":{"line":162,"column":0},"end":{"line":165,"column":1}},"loc":{"start":{"line":162,"column":0},"end":{"line":165,"column":1}},"line":162},"8":{"name":"resetSettings","decl":{"start":{"line":170,"column":0},"end":{"line":173,"column":1}},"loc":{"start":{"line":170,"column":0},"end":{"line":173,"column":1}},"line":170},"9":{"name":"clearSessionState","decl":{"start":{"line":178,"column":0},"end":{"line":180,"column":1}},"loc":{"start":{"line":178,"column":0},"end":{"line":180,"column":1}},"line":178}},"f":{"0":96,"1":14,"2":68,"3":16,"4":3,"5":2,"6":12,"7":8,"8":1,"9":1}}
,"/Users/divkix/GitHub/warpdl/browser/chrome/src/shared/types.ts": {"path":"/Users/divkix/GitHub/warpdl/browser/chrome/src/shared/types.ts","all":true,"statementMap":{},"s":{},"branchMap":{"0":{"type":"branch","line":1,"loc":{"start":{"line":1,"column":5478},"end":{"line":237,"column":1}},"locations":[{"start":{"line":1,"column":5478},"end":{"line":237,"column":1}}]}},"b":{"0":[1]},"fnMap":{"0":{"name":"(empty-report)","decl":{"start":{"line":1,"column":5478},"end":{"line":237,"column":1}},"loc":{"start":{"line":1,"column":5478},"end":{"line":237,"column":1}},"line":1}},"f":{"0":1}}
}
